2019-03-08 15:28:06 [RMI TCP Connection(2)-127.0.0.1] - org.springframework.web.servlet.DispatcherServlet[initServletBean](479) [INFO]  FrameworkServlet 'SpringMVC': initialization started
2019-03-08 15:28:06 [RMI TCP Connection(2)-127.0.0.1] - org.springframework.web.context.support.XmlWebApplicationContext[prepareRefresh](513) [INFO]  Refreshing WebApplicationContext for namespace 'SpringMVC-servlet': startup date [Fri Mar 08 15:28:06 CST 2019]; parent: Root WebApplicationContext
2019-03-08 15:28:06 [RMI TCP Connection(2)-127.0.0.1] - org.springframework.beans.factory.xml.XmlBeanDefinitionReader[loadBeanDefinitions](316) [INFO]  Loading XML bean definitions from class path resource [spring-mvc.xml]
2019-03-08 15:28:06 [RMI TCP Connection(2)-127.0.0.1] - org.springframework.beans.factory.annotation.AutowiredAnnotationBeanPostProcessor[<init>](141) [INFO]  JSR-330 'javax.inject.Inject' annotation found and supported for autowiring
2019-03-08 15:28:06 [RMI TCP Connection(2)-127.0.0.1] - org.springframework.web.servlet.mvc.method.annotation.RequestMappingHandlerMapping[registerHandlerMethod](182) [INFO]  Mapped "{[/queryOne],methods=[],params=[],headers=[],consumes=[],produces=[],custom=[]}" onto public com.ssm.entity.Student com.ssm.controller.StudentController.queryOne(java.lang.Integer)
2019-03-08 15:28:06 [RMI TCP Connection(2)-127.0.0.1] - org.springframework.web.servlet.mvc.method.annotation.RequestMappingHandlerMapping[registerHandlerMethod](182) [INFO]  Mapped "{[/aaa],methods=[],params=[],headers=[],consumes=[],produces=[],custom=[]}" onto public java.lang.String com.ssm.controller.StudentController.aaa()
2019-03-08 15:28:07 [RMI TCP Connection(2)-127.0.0.1] - org.springframework.web.servlet.handler.SimpleUrlHandlerMapping[registerHandler](315) [INFO]  Mapped URL path [/**] onto handler 'org.springframework.web.servlet.resource.DefaultServletHttpRequestHandler#0'
2019-03-08 15:28:07 [RMI TCP Connection(2)-127.0.0.1] - org.springframework.web.servlet.DispatcherServlet[initServletBean](498) [INFO]  FrameworkServlet 'SpringMVC': initialization completed in 974 ms
2019-03-08 15:28:12 [http-nio-8080-exec-2] - com.ssm.listener.MQClient[sendMsg](23) [INFO]  成功加入ipsCompleteCorrectionKey.speiyou队列
2019-03-08 15:28:12 [http-nio-8080-exec-2] - com.ssm.listener.MQClient[sendMsg](23) [INFO]  成功加入ipsCompleteCorrectionKey.speiyou队列
2019-03-08 15:28:12 [http-nio-8080-exec-2] - com.ssm.listener.MQClient[sendMsg](23) [INFO]  成功加入ipsCompleteCorrectionKey.speiyou队列
2019-03-08 15:28:12 [http-nio-8080-exec-2] - com.ssm.listener.MQClient[sendMsg](23) [INFO]  成功加入ipsCompleteCorrectionKey.speiyou队列
2019-03-08 15:28:12 [http-nio-8080-exec-2] - com.ssm.listener.MQClient[sendMsg](23) [INFO]  成功加入ipsCompleteCorrectionKey.speiyou队列
2019-03-08 15:28:12 [http-nio-8080-exec-2] - com.ssm.listener.MQClient[sendMsg](23) [INFO]  成功加入ipsCompleteCorrectionKey.speiyou队列
2019-03-08 15:28:12 [http-nio-8080-exec-2] - com.ssm.listener.MQClient[sendMsg](23) [INFO]  成功加入ipsCompleteCorrectionKey.speiyou队列
2019-03-08 15:28:12 [http-nio-8080-exec-2] - com.ssm.listener.MQClient[sendMsg](23) [INFO]  成功加入ipsCompleteCorrectionKey.speiyou队列
2019-03-08 15:28:12 [http-nio-8080-exec-2] - com.ssm.listener.MQClient[sendMsg](23) [INFO]  成功加入ipsCompleteCorrectionKey.speiyou队列
2019-03-08 15:28:12 [http-nio-8080-exec-2] - com.ssm.listener.MQClient[sendMsg](23) [INFO]  成功加入ipsCompleteCorrectionKey.speiyou队列
2019-03-08 15:28:12 [http-nio-8080-exec-2] - com.ssm.listener.MQClient[sendMsg](23) [INFO]  成功加入ipsCompleteCorrectionKey.speiyou队列
2019-03-08 15:28:12 [http-nio-8080-exec-2] - com.ssm.listener.MQClient[sendMsg](23) [INFO]  成功加入ipsCompleteCorrectionKey.speiyou队列
2019-03-08 15:28:12 [http-nio-8080-exec-2] - com.ssm.listener.MQClient[sendMsg](23) [INFO]  成功加入ipsCompleteCorrectionKey.speiyou队列
2019-03-08 15:28:12 [http-nio-8080-exec-2] - com.ssm.listener.MQClient[sendMsg](23) [INFO]  成功加入ipsCompleteCorrectionKey.speiyou队列
2019-03-08 15:28:12 [http-nio-8080-exec-2] - com.ssm.listener.MQClient[sendMsg](23) [INFO]  成功加入ipsCompleteCorrectionKey.speiyou队列
2019-03-08 15:28:12 [http-nio-8080-exec-2] - com.ssm.listener.MQClient[sendMsg](23) [INFO]  成功加入ipsCompleteCorrectionKey.speiyou队列
2019-03-08 15:28:12 [http-nio-8080-exec-2] - com.ssm.listener.MQClient[sendMsg](23) [INFO]  成功加入ipsCompleteCorrectionKey.speiyou队列
2019-03-08 15:28:12 [http-nio-8080-exec-2] - com.ssm.listener.MQClient[sendMsg](23) [INFO]  成功加入ipsCompleteCorrectionKey.speiyou队列
2019-03-08 15:28:12 [http-nio-8080-exec-2] - com.ssm.listener.MQClient[sendMsg](23) [INFO]  成功加入ipsCompleteCorrectionKey.speiyou队列
2019-03-08 15:28:12 [http-nio-8080-exec-2] - com.ssm.listener.MQClient[sendMsg](23) [INFO]  成功加入ipsCompleteCorrectionKey.speiyou队列
2019-03-08 15:28:12 [http-nio-8080-exec-2] - com.ssm.listener.MQClient[sendMsg](23) [INFO]  成功加入ipsCompleteCorrectionKey.speiyou队列
2019-03-08 15:28:12 [http-nio-8080-exec-2] - com.ssm.listener.MQClient[sendMsg](23) [INFO]  成功加入ipsCompleteCorrectionKey.speiyou队列
2019-03-08 15:28:12 [http-nio-8080-exec-2] - com.ssm.listener.MQClient[sendMsg](23) [INFO]  成功加入ipsCompleteCorrectionKey.speiyou队列
2019-03-08 15:28:12 [http-nio-8080-exec-2] - com.ssm.listener.MQClient[sendMsg](23) [INFO]  成功加入ipsCompleteCorrectionKey.speiyou队列
2019-03-08 15:28:12 [http-nio-8080-exec-2] - com.ssm.listener.MQClient[sendMsg](23) [INFO]  成功加入ipsCompleteCorrectionKey.speiyou队列
2019-03-08 15:28:12 [http-nio-8080-exec-2] - com.ssm.listener.MQClient[sendMsg](23) [INFO]  成功加入ipsCompleteCorrectionKey.speiyou队列
2019-03-08 15:28:12 [http-nio-8080-exec-2] - com.ssm.listener.MQClient[sendMsg](23) [INFO]  成功加入ipsCompleteCorrectionKey.speiyou队列
2019-03-08 15:28:12 [http-nio-8080-exec-2] - com.ssm.listener.MQClient[sendMsg](23) [INFO]  成功加入ipsCompleteCorrectionKey.speiyou队列
2019-03-08 15:28:12 [http-nio-8080-exec-2] - com.ssm.listener.MQClient[sendMsg](23) [INFO]  成功加入ipsCompleteCorrectionKey.speiyou队列
2019-03-08 15:28:12 [http-nio-8080-exec-2] - com.ssm.listener.MQClient[sendMsg](23) [INFO]  成功加入ipsCompleteCorrectionKey.speiyou队列
2019-03-08 15:28:12 [http-nio-8080-exec-2] - com.ssm.listener.MQClient[sendMsg](23) [INFO]  成功加入ipsCompleteCorrectionKey.speiyou队列
2019-03-08 15:28:12 [http-nio-8080-exec-2] - com.ssm.listener.MQClient[sendMsg](23) [INFO]  成功加入ipsCompleteCorrectionKey.speiyou队列
2019-03-08 15:28:12 [http-nio-8080-exec-2] - com.ssm.listener.MQClient[sendMsg](23) [INFO]  成功加入ipsCompleteCorrectionKey.speiyou队列
2019-03-08 15:28:12 [http-nio-8080-exec-2] - com.ssm.listener.MQClient[sendMsg](23) [INFO]  成功加入ipsCompleteCorrectionKey.speiyou队列
2019-03-08 15:28:12 [http-nio-8080-exec-2] - com.ssm.listener.MQClient[sendMsg](23) [INFO]  成功加入ipsCompleteCorrectionKey.speiyou队列
2019-03-08 15:28:12 [http-nio-8080-exec-2] - com.ssm.listener.MQClient[sendMsg](23) [INFO]  成功加入ipsCompleteCorrectionKey.speiyou队列
2019-03-08 15:28:12 [http-nio-8080-exec-2] - com.ssm.listener.MQClient[sendMsg](23) [INFO]  成功加入ipsCompleteCorrectionKey.speiyou队列
2019-03-08 15:28:12 [http-nio-8080-exec-2] - com.ssm.listener.MQClient[sendMsg](23) [INFO]  成功加入ipsCompleteCorrectionKey.speiyou队列
2019-03-08 15:28:12 [http-nio-8080-exec-2] - com.ssm.listener.MQClient[sendMsg](23) [INFO]  成功加入ipsCompleteCorrectionKey.speiyou队列
2019-03-08 15:28:12 [http-nio-8080-exec-2] - com.ssm.listener.MQClient[sendMsg](23) [INFO]  成功加入ipsCompleteCorrectionKey.speiyou队列
2019-03-08 15:28:12 [http-nio-8080-exec-2] - com.ssm.listener.MQClient[sendMsg](23) [INFO]  成功加入ipsCompleteCorrectionKey.speiyou队列
2019-03-08 15:28:12 [http-nio-8080-exec-2] - com.ssm.listener.MQClient[sendMsg](23) [INFO]  成功加入ipsCompleteCorrectionKey.speiyou队列
2019-03-08 15:28:12 [http-nio-8080-exec-2] - com.ssm.listener.MQClient[sendMsg](23) [INFO]  成功加入ipsCompleteCorrectionKey.speiyou队列
2019-03-08 15:28:12 [http-nio-8080-exec-2] - com.ssm.listener.MQClient[sendMsg](23) [INFO]  成功加入ipsCompleteCorrectionKey.speiyou队列
2019-03-08 15:28:12 [http-nio-8080-exec-2] - com.ssm.listener.MQClient[sendMsg](23) [INFO]  成功加入ipsCompleteCorrectionKey.speiyou队列
2019-03-08 15:28:12 [http-nio-8080-exec-2] - com.ssm.listener.MQClient[sendMsg](23) [INFO]  成功加入ipsCompleteCorrectionKey.speiyou队列
2019-03-08 15:28:12 [http-nio-8080-exec-2] - com.ssm.listener.MQClient[sendMsg](23) [INFO]  成功加入ipsCompleteCorrectionKey.speiyou队列
2019-03-08 15:28:12 [http-nio-8080-exec-2] - com.ssm.listener.MQClient[sendMsg](23) [INFO]  成功加入ipsCompleteCorrectionKey.speiyou队列
2019-03-08 15:28:12 [http-nio-8080-exec-2] - com.ssm.listener.MQClient[sendMsg](23) [INFO]  成功加入ipsCompleteCorrectionKey.speiyou队列
2019-03-08 15:28:12 [http-nio-8080-exec-2] - com.ssm.listener.MQClient[sendMsg](23) [INFO]  成功加入ipsCompleteCorrectionKey.speiyou队列
2019-03-08 15:28:12 [http-nio-8080-exec-2] - com.ssm.listener.MQClient[sendMsg](23) [INFO]  成功加入ipsCompleteCorrectionKey.speiyou队列
2019-03-08 15:28:12 [http-nio-8080-exec-2] - com.ssm.listener.MQClient[sendMsg](23) [INFO]  成功加入ipsCompleteCorrectionKey.speiyou队列
2019-03-08 15:28:12 [http-nio-8080-exec-2] - com.ssm.listener.MQClient[sendMsg](23) [INFO]  成功加入ipsCompleteCorrectionKey.speiyou队列
2019-03-08 15:28:12 [http-nio-8080-exec-2] - com.ssm.listener.MQClient[sendMsg](23) [INFO]  成功加入ipsCompleteCorrectionKey.speiyou队列
2019-03-08 15:28:12 [http-nio-8080-exec-2] - com.ssm.listener.MQClient[sendMsg](23) [INFO]  成功加入ipsCompleteCorrectionKey.speiyou队列
2019-03-08 15:28:12 [http-nio-8080-exec-2] - com.ssm.listener.MQClient[sendMsg](23) [INFO]  成功加入ipsCompleteCorrectionKey.speiyou队列
2019-03-08 15:28:12 [http-nio-8080-exec-2] - com.ssm.listener.MQClient[sendMsg](23) [INFO]  成功加入ipsCompleteCorrectionKey.speiyou队列
2019-03-08 15:28:12 [http-nio-8080-exec-2] - com.ssm.listener.MQClient[sendMsg](23) [INFO]  成功加入ipsCompleteCorrectionKey.speiyou队列
2019-03-08 15:28:12 [http-nio-8080-exec-2] - com.ssm.listener.MQClient[sendMsg](23) [INFO]  成功加入ipsCompleteCorrectionKey.speiyou队列
2019-03-08 15:28:12 [http-nio-8080-exec-2] - com.ssm.listener.MQClient[sendMsg](23) [INFO]  成功加入ipsCompleteCorrectionKey.speiyou队列
2019-03-08 15:28:12 [http-nio-8080-exec-2] - com.ssm.listener.MQClient[sendMsg](23) [INFO]  成功加入ipsCompleteCorrectionKey.speiyou队列
2019-03-08 15:28:12 [http-nio-8080-exec-2] - com.ssm.listener.MQClient[sendMsg](23) [INFO]  成功加入ipsCompleteCorrectionKey.speiyou队列
2019-03-08 15:28:12 [http-nio-8080-exec-2] - com.ssm.listener.MQClient[sendMsg](23) [INFO]  成功加入ipsCompleteCorrectionKey.speiyou队列
2019-03-08 15:28:12 [http-nio-8080-exec-2] - com.ssm.listener.MQClient[sendMsg](23) [INFO]  成功加入ipsCompleteCorrectionKey.speiyou队列
2019-03-08 15:28:12 [http-nio-8080-exec-2] - com.ssm.listener.MQClient[sendMsg](23) [INFO]  成功加入ipsCompleteCorrectionKey.speiyou队列
2019-03-08 15:28:12 [http-nio-8080-exec-2] - com.ssm.listener.MQClient[sendMsg](23) [INFO]  成功加入ipsCompleteCorrectionKey.speiyou队列
2019-03-08 15:28:12 [http-nio-8080-exec-2] - com.ssm.listener.MQClient[sendMsg](23) [INFO]  成功加入ipsCompleteCorrectionKey.speiyou队列
2019-03-08 15:28:12 [http-nio-8080-exec-2] - com.ssm.listener.MQClient[sendMsg](23) [INFO]  成功加入ipsCompleteCorrectionKey.speiyou队列
2019-03-08 15:28:12 [http-nio-8080-exec-2] - com.ssm.listener.MQClient[sendMsg](23) [INFO]  成功加入ipsCompleteCorrectionKey.speiyou队列
2019-03-08 15:28:12 [http-nio-8080-exec-2] - com.ssm.listener.MQClient[sendMsg](23) [INFO]  成功加入ipsCompleteCorrectionKey.speiyou队列
2019-03-08 15:28:12 [http-nio-8080-exec-2] - com.ssm.listener.MQClient[sendMsg](23) [INFO]  成功加入ipsCompleteCorrectionKey.speiyou队列
2019-03-08 15:28:12 [http-nio-8080-exec-2] - com.ssm.listener.MQClient[sendMsg](23) [INFO]  成功加入ipsCompleteCorrectionKey.speiyou队列
2019-03-08 15:28:12 [http-nio-8080-exec-2] - com.ssm.listener.MQClient[sendMsg](23) [INFO]  成功加入ipsCompleteCorrectionKey.speiyou队列
2019-03-08 15:28:12 [http-nio-8080-exec-2] - com.ssm.listener.MQClient[sendMsg](23) [INFO]  成功加入ipsCompleteCorrectionKey.speiyou队列
2019-03-08 15:28:12 [http-nio-8080-exec-2] - com.ssm.listener.MQClient[sendMsg](23) [INFO]  成功加入ipsCompleteCorrectionKey.speiyou队列
2019-03-08 15:28:12 [http-nio-8080-exec-2] - com.ssm.listener.MQClient[sendMsg](23) [INFO]  成功加入ipsCompleteCorrectionKey.speiyou队列
2019-03-08 15:28:12 [http-nio-8080-exec-2] - com.ssm.listener.MQClient[sendMsg](23) [INFO]  成功加入ipsCompleteCorrectionKey.speiyou队列
2019-03-08 15:28:12 [http-nio-8080-exec-2] - com.ssm.listener.MQClient[sendMsg](23) [INFO]  成功加入ipsCompleteCorrectionKey.speiyou队列
2019-03-08 15:28:12 [http-nio-8080-exec-2] - com.ssm.listener.MQClient[sendMsg](23) [INFO]  成功加入ipsCompleteCorrectionKey.speiyou队列
2019-03-08 15:28:12 [http-nio-8080-exec-2] - com.ssm.listener.MQClient[sendMsg](23) [INFO]  成功加入ipsCompleteCorrectionKey.speiyou队列
2019-03-08 15:28:12 [http-nio-8080-exec-2] - com.ssm.listener.MQClient[sendMsg](23) [INFO]  成功加入ipsCompleteCorrectionKey.speiyou队列
2019-03-08 15:28:12 [http-nio-8080-exec-2] - com.ssm.listener.MQClient[sendMsg](23) [INFO]  成功加入ipsCompleteCorrectionKey.speiyou队列
2019-03-08 15:28:12 [http-nio-8080-exec-2] - com.ssm.listener.MQClient[sendMsg](23) [INFO]  成功加入ipsCompleteCorrectionKey.speiyou队列
2019-03-08 15:28:12 [http-nio-8080-exec-2] - com.ssm.listener.MQClient[sendMsg](23) [INFO]  成功加入ipsCompleteCorrectionKey.speiyou队列
2019-03-08 15:28:12 [http-nio-8080-exec-2] - com.ssm.listener.MQClient[sendMsg](23) [INFO]  成功加入ipsCompleteCorrectionKey.speiyou队列
2019-03-08 15:28:12 [http-nio-8080-exec-2] - com.ssm.listener.MQClient[sendMsg](23) [INFO]  成功加入ipsCompleteCorrectionKey.speiyou队列
2019-03-08 15:28:12 [http-nio-8080-exec-2] - com.ssm.listener.MQClient[sendMsg](23) [INFO]  成功加入ipsCompleteCorrectionKey.speiyou队列
2019-03-08 15:28:12 [http-nio-8080-exec-2] - com.ssm.listener.MQClient[sendMsg](23) [INFO]  成功加入ipsCompleteCorrectionKey.speiyou队列
2019-03-08 15:28:12 [http-nio-8080-exec-2] - com.ssm.listener.MQClient[sendMsg](23) [INFO]  成功加入ipsCompleteCorrectionKey.speiyou队列
2019-03-08 15:28:12 [http-nio-8080-exec-2] - com.ssm.listener.MQClient[sendMsg](23) [INFO]  成功加入ipsCompleteCorrectionKey.speiyou队列
2019-03-08 15:28:12 [http-nio-8080-exec-2] - com.ssm.listener.MQClient[sendMsg](23) [INFO]  成功加入ipsCompleteCorrectionKey.speiyou队列
2019-03-08 15:28:12 [http-nio-8080-exec-2] - com.ssm.listener.MQClient[sendMsg](23) [INFO]  成功加入ipsCompleteCorrectionKey.speiyou队列
2019-03-08 15:28:12 [http-nio-8080-exec-2] - com.ssm.listener.MQClient[sendMsg](23) [INFO]  成功加入ipsCompleteCorrectionKey.speiyou队列
2019-03-08 15:28:12 [http-nio-8080-exec-2] - com.ssm.listener.MQClient[sendMsg](23) [INFO]  成功加入ipsCompleteCorrectionKey.speiyou队列
2019-03-08 15:28:12 [http-nio-8080-exec-2] - com.ssm.listener.MQClient[sendMsg](23) [INFO]  成功加入ipsCompleteCorrectionKey.speiyou队列
2019-03-08 15:28:12 [http-nio-8080-exec-2] - com.ssm.listener.MQClient[sendMsg](23) [INFO]  成功加入ipsCompleteCorrectionKey.speiyou队列
2019-03-08 15:28:12 [http-nio-8080-exec-2] - com.ssm.listener.MQClient[sendMsg](23) [INFO]  成功加入ipsCompleteCorrectionKey.speiyou队列
2019-03-08 15:28:12 [http-nio-8080-exec-2] - com.ssm.listener.MQClient[sendMsg](23) [INFO]  成功加入ipsCompleteCorrectionKey.speiyou队列
2019-03-08 15:28:12 [http-nio-8080-exec-2] - com.ssm.listener.MQClient[sendMsg](23) [INFO]  成功加入ipsCompleteCorrectionKey.speiyou队列
2019-03-08 15:28:12 [http-nio-8080-exec-2] - com.ssm.listener.MQClient[sendMsg](23) [INFO]  成功加入ipsCompleteCorrectionKey.speiyou队列
2019-03-08 15:28:12 [http-nio-8080-exec-2] - com.ssm.listener.MQClient[sendMsg](23) [INFO]  成功加入ipsCompleteCorrectionKey.speiyou队列
2019-03-08 15:28:12 [http-nio-8080-exec-2] - com.ssm.listener.MQClient[sendMsg](23) [INFO]  成功加入ipsCompleteCorrectionKey.speiyou队列
2019-03-08 15:28:12 [http-nio-8080-exec-2] - com.ssm.listener.MQClient[sendMsg](23) [INFO]  成功加入ipsCompleteCorrectionKey.speiyou队列
2019-03-08 15:28:12 [http-nio-8080-exec-2] - com.ssm.listener.MQClient[sendMsg](23) [INFO]  成功加入ipsCompleteCorrectionKey.speiyou队列
2019-03-08 15:28:12 [http-nio-8080-exec-2] - com.ssm.listener.MQClient[sendMsg](23) [INFO]  成功加入ipsCompleteCorrectionKey.speiyou队列
2019-03-08 15:28:12 [http-nio-8080-exec-2] - com.ssm.listener.MQClient[sendMsg](23) [INFO]  成功加入ipsCompleteCorrectionKey.speiyou队列
2019-03-08 15:28:12 [http-nio-8080-exec-2] - com.ssm.listener.MQClient[sendMsg](23) [INFO]  成功加入ipsCompleteCorrectionKey.speiyou队列
2019-03-08 15:28:12 [http-nio-8080-exec-2] - com.ssm.listener.MQClient[sendMsg](23) [INFO]  成功加入ipsCompleteCorrectionKey.speiyou队列
2019-03-08 15:28:12 [http-nio-8080-exec-2] - com.ssm.listener.MQClient[sendMsg](23) [INFO]  成功加入ipsCompleteCorrectionKey.speiyou队列
2019-03-08 15:28:12 [http-nio-8080-exec-2] - com.ssm.listener.MQClient[sendMsg](23) [INFO]  成功加入ipsCompleteCorrectionKey.speiyou队列
2019-03-08 15:28:12 [http-nio-8080-exec-2] - com.ssm.listener.MQClient[sendMsg](23) [INFO]  成功加入ipsCompleteCorrectionKey.speiyou队列
2019-03-08 15:28:12 [http-nio-8080-exec-2] - com.ssm.listener.MQClient[sendMsg](23) [INFO]  成功加入ipsCompleteCorrectionKey.speiyou队列
2019-03-08 15:28:12 [http-nio-8080-exec-2] - com.ssm.listener.MQClient[sendMsg](23) [INFO]  成功加入ipsCompleteCorrectionKey.speiyou队列
2019-03-08 15:28:12 [http-nio-8080-exec-2] - com.ssm.listener.MQClient[sendMsg](23) [INFO]  成功加入ipsCompleteCorrectionKey.speiyou队列
2019-03-08 15:28:12 [http-nio-8080-exec-2] - com.ssm.listener.MQClient[sendMsg](23) [INFO]  成功加入ipsCompleteCorrectionKey.speiyou队列
2019-03-08 15:28:12 [http-nio-8080-exec-2] - com.ssm.listener.MQClient[sendMsg](23) [INFO]  成功加入ipsCompleteCorrectionKey.speiyou队列
2019-03-08 15:28:12 [http-nio-8080-exec-2] - com.ssm.listener.MQClient[sendMsg](23) [INFO]  成功加入ipsCompleteCorrectionKey.speiyou队列
2019-03-08 15:28:12 [http-nio-8080-exec-2] - com.ssm.listener.MQClient[sendMsg](23) [INFO]  成功加入ipsCompleteCorrectionKey.speiyou队列
2019-03-08 15:28:12 [http-nio-8080-exec-2] - com.ssm.listener.MQClient[sendMsg](23) [INFO]  成功加入ipsCompleteCorrectionKey.speiyou队列
2019-03-08 15:28:12 [http-nio-8080-exec-2] - com.ssm.listener.MQClient[sendMsg](23) [INFO]  成功加入ipsCompleteCorrectionKey.speiyou队列
2019-03-08 15:28:12 [http-nio-8080-exec-2] - com.ssm.listener.MQClient[sendMsg](23) [INFO]  成功加入ipsCompleteCorrectionKey.speiyou队列
2019-03-08 15:28:12 [http-nio-8080-exec-2] - com.ssm.listener.MQClient[sendMsg](23) [INFO]  成功加入ipsCompleteCorrectionKey.speiyou队列
2019-03-08 15:28:12 [http-nio-8080-exec-2] - com.ssm.listener.MQClient[sendMsg](23) [INFO]  成功加入ipsCompleteCorrectionKey.speiyou队列
2019-03-08 15:28:12 [http-nio-8080-exec-2] - com.ssm.listener.MQClient[sendMsg](23) [INFO]  成功加入ipsCompleteCorrectionKey.speiyou队列
2019-03-08 15:28:12 [http-nio-8080-exec-2] - com.ssm.listener.MQClient[sendMsg](23) [INFO]  成功加入ipsCompleteCorrectionKey.speiyou队列
2019-03-08 15:28:12 [http-nio-8080-exec-2] - com.ssm.listener.MQClient[sendMsg](23) [INFO]  成功加入ipsCompleteCorrectionKey.speiyou队列
2019-03-08 15:28:12 [http-nio-8080-exec-2] - com.ssm.listener.MQClient[sendMsg](23) [INFO]  成功加入ipsCompleteCorrectionKey.speiyou队列
2019-03-08 15:28:12 [http-nio-8080-exec-2] - com.ssm.listener.MQClient[sendMsg](23) [INFO]  成功加入ipsCompleteCorrectionKey.speiyou队列
2019-03-08 15:28:12 [http-nio-8080-exec-2] - com.ssm.listener.MQClient[sendMsg](23) [INFO]  成功加入ipsCompleteCorrectionKey.speiyou队列
2019-03-08 15:28:12 [http-nio-8080-exec-2] - com.ssm.listener.MQClient[sendMsg](23) [INFO]  成功加入ipsCompleteCorrectionKey.speiyou队列
2019-03-08 15:28:12 [http-nio-8080-exec-2] - com.ssm.listener.MQClient[sendMsg](23) [INFO]  成功加入ipsCompleteCorrectionKey.speiyou队列
2019-03-08 15:28:13 [http-nio-8080-exec-2] - com.ssm.listener.MQClient[sendMsg](23) [INFO]  成功加入ipsCompleteCorrectionKey.speiyou队列
2019-03-08 15:28:13 [http-nio-8080-exec-2] - com.ssm.listener.MQClient[sendMsg](23) [INFO]  成功加入ipsCompleteCorrectionKey.speiyou队列
2019-03-08 15:28:13 [http-nio-8080-exec-2] - com.ssm.listener.MQClient[sendMsg](23) [INFO]  成功加入ipsCompleteCorrectionKey.speiyou队列
2019-03-08 15:28:13 [http-nio-8080-exec-2] - com.ssm.listener.MQClient[sendMsg](23) [INFO]  成功加入ipsCompleteCorrectionKey.speiyou队列
2019-03-08 15:28:13 [http-nio-8080-exec-2] - com.ssm.listener.MQClient[sendMsg](23) [INFO]  成功加入ipsCompleteCorrectionKey.speiyou队列
2019-03-08 15:28:13 [http-nio-8080-exec-2] - com.ssm.listener.MQClient[sendMsg](23) [INFO]  成功加入ipsCompleteCorrectionKey.speiyou队列
2019-03-08 15:28:13 [http-nio-8080-exec-2] - com.ssm.listener.MQClient[sendMsg](23) [INFO]  成功加入ipsCompleteCorrectionKey.speiyou队列
2019-03-08 15:28:13 [http-nio-8080-exec-2] - com.ssm.listener.MQClient[sendMsg](23) [INFO]  成功加入ipsCompleteCorrectionKey.speiyou队列
2019-03-08 15:28:13 [http-nio-8080-exec-2] - com.ssm.listener.MQClient[sendMsg](23) [INFO]  成功加入ipsCompleteCorrectionKey.speiyou队列
2019-03-08 15:28:13 [http-nio-8080-exec-2] - com.ssm.listener.MQClient[sendMsg](23) [INFO]  成功加入ipsCompleteCorrectionKey.speiyou队列
2019-03-08 15:28:13 [http-nio-8080-exec-2] - com.ssm.listener.MQClient[sendMsg](23) [INFO]  成功加入ipsCompleteCorrectionKey.speiyou队列
2019-03-08 15:28:13 [http-nio-8080-exec-2] - com.ssm.listener.MQClient[sendMsg](23) [INFO]  成功加入ipsCompleteCorrectionKey.speiyou队列
2019-03-08 15:28:13 [http-nio-8080-exec-2] - com.ssm.listener.MQClient[sendMsg](23) [INFO]  成功加入ipsCompleteCorrectionKey.speiyou队列
2019-03-08 15:28:13 [http-nio-8080-exec-2] - com.ssm.listener.MQClient[sendMsg](23) [INFO]  成功加入ipsCompleteCorrectionKey.speiyou队列
2019-03-08 15:28:13 [http-nio-8080-exec-2] - com.ssm.listener.MQClient[sendMsg](23) [INFO]  成功加入ipsCompleteCorrectionKey.speiyou队列
2019-03-08 15:28:13 [http-nio-8080-exec-2] - com.ssm.listener.MQClient[sendMsg](23) [INFO]  成功加入ipsCompleteCorrectionKey.speiyou队列
2019-03-08 15:28:13 [http-nio-8080-exec-2] - com.ssm.listener.MQClient[sendMsg](23) [INFO]  成功加入ipsCompleteCorrectionKey.speiyou队列
2019-03-08 15:28:13 [http-nio-8080-exec-2] - com.ssm.listener.MQClient[sendMsg](23) [INFO]  成功加入ipsCompleteCorrectionKey.speiyou队列
2019-03-08 15:28:13 [http-nio-8080-exec-2] - com.ssm.listener.MQClient[sendMsg](23) [INFO]  成功加入ipsCompleteCorrectionKey.speiyou队列
2019-03-08 15:28:13 [http-nio-8080-exec-2] - com.ssm.listener.MQClient[sendMsg](23) [INFO]  成功加入ipsCompleteCorrectionKey.speiyou队列
2019-03-08 15:28:13 [http-nio-8080-exec-2] - com.ssm.listener.MQClient[sendMsg](23) [INFO]  成功加入ipsCompleteCorrectionKey.speiyou队列
2019-03-08 15:28:13 [http-nio-8080-exec-2] - com.ssm.listener.MQClient[sendMsg](23) [INFO]  成功加入ipsCompleteCorrectionKey.speiyou队列
2019-03-08 15:28:13 [http-nio-8080-exec-2] - com.ssm.listener.MQClient[sendMsg](23) [INFO]  成功加入ipsCompleteCorrectionKey.speiyou队列
2019-03-08 15:28:13 [http-nio-8080-exec-2] - com.ssm.listener.MQClient[sendMsg](23) [INFO]  成功加入ipsCompleteCorrectionKey.speiyou队列
2019-03-08 15:28:13 [http-nio-8080-exec-2] - com.ssm.listener.MQClient[sendMsg](23) [INFO]  成功加入ipsCompleteCorrectionKey.speiyou队列
2019-03-08 15:28:13 [http-nio-8080-exec-2] - com.ssm.listener.MQClient[sendMsg](23) [INFO]  成功加入ipsCompleteCorrectionKey.speiyou队列
2019-03-08 15:28:13 [http-nio-8080-exec-2] - com.ssm.listener.MQClient[sendMsg](23) [INFO]  成功加入ipsCompleteCorrectionKey.speiyou队列
2019-03-08 15:28:13 [http-nio-8080-exec-2] - com.ssm.listener.MQClient[sendMsg](23) [INFO]  成功加入ipsCompleteCorrectionKey.speiyou队列
2019-03-08 15:28:13 [http-nio-8080-exec-2] - com.ssm.listener.MQClient[sendMsg](23) [INFO]  成功加入ipsCompleteCorrectionKey.speiyou队列
2019-03-08 15:28:13 [http-nio-8080-exec-2] - com.ssm.listener.MQClient[sendMsg](23) [INFO]  成功加入ipsCompleteCorrectionKey.speiyou队列
2019-03-08 15:28:13 [http-nio-8080-exec-2] - com.ssm.listener.MQClient[sendMsg](23) [INFO]  成功加入ipsCompleteCorrectionKey.speiyou队列
2019-03-08 15:28:13 [http-nio-8080-exec-2] - com.ssm.listener.MQClient[sendMsg](23) [INFO]  成功加入ipsCompleteCorrectionKey.speiyou队列
2019-03-08 15:28:13 [http-nio-8080-exec-2] - com.ssm.listener.MQClient[sendMsg](23) [INFO]  成功加入ipsCompleteCorrectionKey.speiyou队列
2019-03-08 15:28:13 [http-nio-8080-exec-2] - com.ssm.listener.MQClient[sendMsg](23) [INFO]  成功加入ipsCompleteCorrectionKey.speiyou队列
2019-03-08 15:28:13 [http-nio-8080-exec-2] - com.ssm.listener.MQClient[sendMsg](23) [INFO]  成功加入ipsCompleteCorrectionKey.speiyou队列
2019-03-08 15:28:13 [http-nio-8080-exec-2] - com.ssm.listener.MQClient[sendMsg](23) [INFO]  成功加入ipsCompleteCorrectionKey.speiyou队列
2019-03-08 15:28:13 [http-nio-8080-exec-2] - com.ssm.listener.MQClient[sendMsg](23) [INFO]  成功加入ipsCompleteCorrectionKey.speiyou队列
2019-03-08 15:28:13 [http-nio-8080-exec-2] - com.ssm.listener.MQClient[sendMsg](23) [INFO]  成功加入ipsCompleteCorrectionKey.speiyou队列
2019-03-08 15:28:13 [http-nio-8080-exec-2] - com.ssm.listener.MQClient[sendMsg](23) [INFO]  成功加入ipsCompleteCorrectionKey.speiyou队列
2019-03-08 15:28:13 [http-nio-8080-exec-2] - com.ssm.listener.MQClient[sendMsg](23) [INFO]  成功加入ipsCompleteCorrectionKey.speiyou队列
2019-03-08 15:28:13 [http-nio-8080-exec-2] - com.ssm.listener.MQClient[sendMsg](23) [INFO]  成功加入ipsCompleteCorrectionKey.speiyou队列
2019-03-08 15:28:13 [http-nio-8080-exec-2] - com.ssm.listener.MQClient[sendMsg](23) [INFO]  成功加入ipsCompleteCorrectionKey.speiyou队列
2019-03-08 15:28:13 [http-nio-8080-exec-2] - com.ssm.listener.MQClient[sendMsg](23) [INFO]  成功加入ipsCompleteCorrectionKey.speiyou队列
2019-03-08 15:28:13 [http-nio-8080-exec-2] - com.ssm.listener.MQClient[sendMsg](23) [INFO]  成功加入ipsCompleteCorrectionKey.speiyou队列
2019-03-08 15:28:13 [http-nio-8080-exec-2] - com.ssm.listener.MQClient[sendMsg](23) [INFO]  成功加入ipsCompleteCorrectionKey.speiyou队列
2019-03-08 15:28:13 [http-nio-8080-exec-2] - com.ssm.listener.MQClient[sendMsg](23) [INFO]  成功加入ipsCompleteCorrectionKey.speiyou队列
2019-03-08 15:28:13 [http-nio-8080-exec-2] - com.ssm.listener.MQClient[sendMsg](23) [INFO]  成功加入ipsCompleteCorrectionKey.speiyou队列
2019-03-08 15:28:13 [http-nio-8080-exec-2] - com.ssm.listener.MQClient[sendMsg](23) [INFO]  成功加入ipsCompleteCorrectionKey.speiyou队列
2019-03-08 15:28:13 [http-nio-8080-exec-2] - com.ssm.listener.MQClient[sendMsg](23) [INFO]  成功加入ipsCompleteCorrectionKey.speiyou队列
2019-03-08 15:28:13 [http-nio-8080-exec-2] - com.ssm.listener.MQClient[sendMsg](23) [INFO]  成功加入ipsCompleteCorrectionKey.speiyou队列
2019-03-08 15:28:13 [http-nio-8080-exec-2] - com.ssm.listener.MQClient[sendMsg](23) [INFO]  成功加入ipsCompleteCorrectionKey.speiyou队列
2019-03-08 15:28:13 [http-nio-8080-exec-2] - com.ssm.listener.MQClient[sendMsg](23) [INFO]  成功加入ipsCompleteCorrectionKey.speiyou队列
2019-03-08 15:28:13 [http-nio-8080-exec-2] - com.ssm.listener.MQClient[sendMsg](23) [INFO]  成功加入ipsCompleteCorrectionKey.speiyou队列
2019-03-08 15:28:13 [http-nio-8080-exec-2] - com.ssm.listener.MQClient[sendMsg](23) [INFO]  成功加入ipsCompleteCorrectionKey.speiyou队列
2019-03-08 15:28:13 [http-nio-8080-exec-2] - com.ssm.listener.MQClient[sendMsg](23) [INFO]  成功加入ipsCompleteCorrectionKey.speiyou队列
2019-03-08 15:28:13 [http-nio-8080-exec-2] - com.ssm.listener.MQClient[sendMsg](23) [INFO]  成功加入ipsCompleteCorrectionKey.speiyou队列
2019-03-08 15:28:13 [http-nio-8080-exec-2] - com.ssm.listener.MQClient[sendMsg](23) [INFO]  成功加入ipsCompleteCorrectionKey.speiyou队列
2019-03-08 15:28:13 [http-nio-8080-exec-2] - com.ssm.listener.MQClient[sendMsg](23) [INFO]  成功加入ipsCompleteCorrectionKey.speiyou队列
2019-03-08 15:28:13 [http-nio-8080-exec-2] - com.ssm.listener.MQClient[sendMsg](23) [INFO]  成功加入ipsCompleteCorrectionKey.speiyou队列
2019-03-08 15:28:13 [http-nio-8080-exec-2] - com.ssm.listener.MQClient[sendMsg](23) [INFO]  成功加入ipsCompleteCorrectionKey.speiyou队列
2019-03-08 15:28:13 [http-nio-8080-exec-2] - com.ssm.listener.MQClient[sendMsg](23) [INFO]  成功加入ipsCompleteCorrectionKey.speiyou队列
2019-03-08 15:28:13 [http-nio-8080-exec-2] - com.ssm.listener.MQClient[sendMsg](23) [INFO]  成功加入ipsCompleteCorrectionKey.speiyou队列
2019-03-08 15:28:13 [http-nio-8080-exec-2] - com.ssm.listener.MQClient[sendMsg](23) [INFO]  成功加入ipsCompleteCorrectionKey.speiyou队列
2019-03-08 15:28:13 [http-nio-8080-exec-2] - com.ssm.listener.MQClient[sendMsg](23) [INFO]  成功加入ipsCompleteCorrectionKey.speiyou队列
2019-03-08 15:28:13 [http-nio-8080-exec-2] - com.ssm.listener.MQClient[sendMsg](23) [INFO]  成功加入ipsCompleteCorrectionKey.speiyou队列
2019-03-08 15:28:13 [http-nio-8080-exec-2] - com.ssm.listener.MQClient[sendMsg](23) [INFO]  成功加入ipsCompleteCorrectionKey.speiyou队列
2019-03-08 15:28:13 [http-nio-8080-exec-2] - com.ssm.listener.MQClient[sendMsg](23) [INFO]  成功加入ipsCompleteCorrectionKey.speiyou队列
2019-03-08 15:28:13 [http-nio-8080-exec-2] - com.ssm.listener.MQClient[sendMsg](23) [INFO]  成功加入ipsCompleteCorrectionKey.speiyou队列
2019-03-08 15:28:13 [http-nio-8080-exec-2] - com.ssm.listener.MQClient[sendMsg](23) [INFO]  成功加入ipsCompleteCorrectionKey.speiyou队列
2019-03-08 15:28:13 [http-nio-8080-exec-2] - com.ssm.listener.MQClient[sendMsg](23) [INFO]  成功加入ipsCompleteCorrectionKey.speiyou队列
2019-03-08 15:28:13 [http-nio-8080-exec-2] - com.ssm.listener.MQClient[sendMsg](23) [INFO]  成功加入ipsCompleteCorrectionKey.speiyou队列
2019-03-08 15:28:13 [http-nio-8080-exec-2] - com.ssm.listener.MQClient[sendMsg](23) [INFO]  成功加入ipsCompleteCorrectionKey.speiyou队列
2019-03-08 15:28:13 [http-nio-8080-exec-2] - com.ssm.listener.MQClient[sendMsg](23) [INFO]  成功加入ipsCompleteCorrectionKey.speiyou队列
2019-03-08 15:28:13 [http-nio-8080-exec-2] - com.ssm.listener.MQClient[sendMsg](23) [INFO]  成功加入ipsCompleteCorrectionKey.speiyou队列
2019-03-08 15:28:13 [http-nio-8080-exec-2] - com.ssm.listener.MQClient[sendMsg](23) [INFO]  成功加入ipsCompleteCorrectionKey.speiyou队列
2019-03-08 15:28:13 [http-nio-8080-exec-2] - com.ssm.listener.MQClient[sendMsg](23) [INFO]  成功加入ipsCompleteCorrectionKey.speiyou队列
2019-03-08 15:28:13 [http-nio-8080-exec-2] - com.ssm.listener.MQClient[sendMsg](23) [INFO]  成功加入ipsCompleteCorrectionKey.speiyou队列
2019-03-08 15:28:13 [http-nio-8080-exec-2] - com.ssm.listener.MQClient[sendMsg](23) [INFO]  成功加入ipsCompleteCorrectionKey.speiyou队列
2019-03-08 15:28:13 [http-nio-8080-exec-2] - com.ssm.listener.MQClient[sendMsg](23) [INFO]  成功加入ipsCompleteCorrectionKey.speiyou队列
2019-03-08 15:28:13 [http-nio-8080-exec-2] - com.ssm.listener.MQClient[sendMsg](23) [INFO]  成功加入ipsCompleteCorrectionKey.speiyou队列
2019-03-08 15:28:13 [http-nio-8080-exec-2] - com.ssm.listener.MQClient[sendMsg](23) [INFO]  成功加入ipsCompleteCorrectionKey.speiyou队列
2019-03-08 15:28:13 [http-nio-8080-exec-2] - com.ssm.listener.MQClient[sendMsg](23) [INFO]  成功加入ipsCompleteCorrectionKey.speiyou队列
2019-03-08 15:28:13 [http-nio-8080-exec-2] - com.ssm.listener.MQClient[sendMsg](23) [INFO]  成功加入ipsCompleteCorrectionKey.speiyou队列
2019-03-08 15:28:13 [http-nio-8080-exec-2] - com.ssm.listener.MQClient[sendMsg](23) [INFO]  成功加入ipsCompleteCorrectionKey.speiyou队列
2019-03-08 15:28:13 [http-nio-8080-exec-2] - com.ssm.listener.MQClient[sendMsg](23) [INFO]  成功加入ipsCompleteCorrectionKey.speiyou队列
2019-03-08 15:28:13 [http-nio-8080-exec-2] - com.ssm.listener.MQClient[sendMsg](23) [INFO]  成功加入ipsCompleteCorrectionKey.speiyou队列
2019-03-08 15:28:13 [http-nio-8080-exec-2] - com.ssm.listener.MQClient[sendMsg](23) [INFO]  成功加入ipsCompleteCorrectionKey.speiyou队列
2019-03-08 15:28:13 [http-nio-8080-exec-2] - com.ssm.listener.MQClient[sendMsg](23) [INFO]  成功加入ipsCompleteCorrectionKey.speiyou队列
2019-03-08 15:28:13 [http-nio-8080-exec-2] - com.ssm.listener.MQClient[sendMsg](23) [INFO]  成功加入ipsCompleteCorrectionKey.speiyou队列
2019-03-08 15:28:13 [http-nio-8080-exec-2] - com.ssm.listener.MQClient[sendMsg](23) [INFO]  成功加入ipsCompleteCorrectionKey.speiyou队列
2019-03-08 15:28:13 [http-nio-8080-exec-2] - com.ssm.listener.MQClient[sendMsg](23) [INFO]  成功加入ipsCompleteCorrectionKey.speiyou队列
2019-03-08 15:28:13 [http-nio-8080-exec-2] - com.ssm.listener.MQClient[sendMsg](23) [INFO]  成功加入ipsCompleteCorrectionKey.speiyou队列
2019-03-08 15:28:13 [http-nio-8080-exec-2] - com.ssm.listener.MQClient[sendMsg](23) [INFO]  成功加入ipsCompleteCorrectionKey.speiyou队列
2019-03-08 15:28:13 [http-nio-8080-exec-2] - com.ssm.listener.MQClient[sendMsg](23) [INFO]  成功加入ipsCompleteCorrectionKey.speiyou队列
2019-03-08 15:28:13 [http-nio-8080-exec-2] - com.ssm.listener.MQClient[sendMsg](23) [INFO]  成功加入ipsCompleteCorrectionKey.speiyou队列
2019-03-08 15:28:13 [http-nio-8080-exec-2] - com.ssm.listener.MQClient[sendMsg](23) [INFO]  成功加入ipsCompleteCorrectionKey.speiyou队列
2019-03-08 15:28:13 [http-nio-8080-exec-2] - com.ssm.listener.MQClient[sendMsg](23) [INFO]  成功加入ipsCompleteCorrectionKey.speiyou队列
2019-03-08 15:28:13 [http-nio-8080-exec-2] - com.ssm.listener.MQClient[sendMsg](23) [INFO]  成功加入ipsCompleteCorrectionKey.speiyou队列
2019-03-08 15:28:13 [http-nio-8080-exec-2] - com.ssm.listener.MQClient[sendMsg](23) [INFO]  成功加入ipsCompleteCorrectionKey.speiyou队列
2019-03-08 15:28:13 [http-nio-8080-exec-2] - com.ssm.listener.MQClient[sendMsg](23) [INFO]  成功加入ipsCompleteCorrectionKey.speiyou队列
2019-03-08 15:28:13 [http-nio-8080-exec-2] - com.ssm.listener.MQClient[sendMsg](23) [INFO]  成功加入ipsCompleteCorrectionKey.speiyou队列
2019-03-08 15:28:13 [http-nio-8080-exec-2] - com.ssm.listener.MQClient[sendMsg](23) [INFO]  成功加入ipsCompleteCorrectionKey.speiyou队列
2019-03-08 15:28:13 [http-nio-8080-exec-2] - com.ssm.listener.MQClient[sendMsg](23) [INFO]  成功加入ipsCompleteCorrectionKey.speiyou队列
2019-03-08 15:28:13 [http-nio-8080-exec-2] - com.ssm.listener.MQClient[sendMsg](23) [INFO]  成功加入ipsCompleteCorrectionKey.speiyou队列
2019-03-08 15:28:13 [http-nio-8080-exec-2] - com.ssm.listener.MQClient[sendMsg](23) [INFO]  成功加入ipsCompleteCorrectionKey.speiyou队列
2019-03-08 15:28:13 [http-nio-8080-exec-2] - com.ssm.listener.MQClient[sendMsg](23) [INFO]  成功加入ipsCompleteCorrectionKey.speiyou队列
2019-03-08 15:28:13 [http-nio-8080-exec-2] - com.ssm.listener.MQClient[sendMsg](23) [INFO]  成功加入ipsCompleteCorrectionKey.speiyou队列
2019-03-08 15:28:13 [http-nio-8080-exec-2] - com.ssm.listener.MQClient[sendMsg](23) [INFO]  成功加入ipsCompleteCorrectionKey.speiyou队列
2019-03-08 15:28:13 [http-nio-8080-exec-2] - com.ssm.listener.MQClient[sendMsg](23) [INFO]  成功加入ipsCompleteCorrectionKey.speiyou队列
2019-03-08 15:28:13 [http-nio-8080-exec-2] - com.ssm.listener.MQClient[sendMsg](23) [INFO]  成功加入ipsCompleteCorrectionKey.speiyou队列
2019-03-08 15:28:13 [http-nio-8080-exec-2] - com.ssm.listener.MQClient[sendMsg](23) [INFO]  成功加入ipsCompleteCorrectionKey.speiyou队列
2019-03-08 15:28:13 [http-nio-8080-exec-2] - com.ssm.listener.MQClient[sendMsg](23) [INFO]  成功加入ipsCompleteCorrectionKey.speiyou队列
2019-03-08 15:28:13 [http-nio-8080-exec-2] - com.ssm.listener.MQClient[sendMsg](23) [INFO]  成功加入ipsCompleteCorrectionKey.speiyou队列
2019-03-08 15:28:13 [http-nio-8080-exec-2] - com.ssm.listener.MQClient[sendMsg](23) [INFO]  成功加入ipsCompleteCorrectionKey.speiyou队列
2019-03-08 15:28:13 [http-nio-8080-exec-2] - com.ssm.listener.MQClient[sendMsg](23) [INFO]  成功加入ipsCompleteCorrectionKey.speiyou队列
2019-03-08 15:28:13 [http-nio-8080-exec-2] - com.ssm.listener.MQClient[sendMsg](23) [INFO]  成功加入ipsCompleteCorrectionKey.speiyou队列
2019-03-08 15:28:13 [http-nio-8080-exec-2] - com.ssm.listener.MQClient[sendMsg](23) [INFO]  成功加入ipsCompleteCorrectionKey.speiyou队列
2019-03-08 15:28:13 [http-nio-8080-exec-2] - com.ssm.listener.MQClient[sendMsg](23) [INFO]  成功加入ipsCompleteCorrectionKey.speiyou队列
2019-03-08 15:28:13 [http-nio-8080-exec-2] - com.ssm.listener.MQClient[sendMsg](23) [INFO]  成功加入ipsCompleteCorrectionKey.speiyou队列
2019-03-08 15:28:13 [http-nio-8080-exec-2] - com.ssm.listener.MQClient[sendMsg](23) [INFO]  成功加入ipsCompleteCorrectionKey.speiyou队列
2019-03-08 15:28:13 [http-nio-8080-exec-2] - com.ssm.listener.MQClient[sendMsg](23) [INFO]  成功加入ipsCompleteCorrectionKey.speiyou队列
2019-03-08 15:28:13 [http-nio-8080-exec-2] - com.ssm.listener.MQClient[sendMsg](23) [INFO]  成功加入ipsCompleteCorrectionKey.speiyou队列
2019-03-08 15:28:13 [http-nio-8080-exec-2] - com.ssm.listener.MQClient[sendMsg](23) [INFO]  成功加入ipsCompleteCorrectionKey.speiyou队列
2019-03-08 15:28:13 [http-nio-8080-exec-2] - com.ssm.listener.MQClient[sendMsg](23) [INFO]  成功加入ipsCompleteCorrectionKey.speiyou队列
2019-03-08 15:28:13 [http-nio-8080-exec-2] - com.ssm.listener.MQClient[sendMsg](23) [INFO]  成功加入ipsCompleteCorrectionKey.speiyou队列
2019-03-08 15:28:13 [http-nio-8080-exec-2] - com.ssm.listener.MQClient[sendMsg](23) [INFO]  成功加入ipsCompleteCorrectionKey.speiyou队列
2019-03-08 15:28:13 [http-nio-8080-exec-2] - com.ssm.listener.MQClient[sendMsg](23) [INFO]  成功加入ipsCompleteCorrectionKey.speiyou队列
2019-03-08 15:28:13 [http-nio-8080-exec-2] - com.ssm.listener.MQClient[sendMsg](23) [INFO]  成功加入ipsCompleteCorrectionKey.speiyou队列
2019-03-08 15:28:13 [http-nio-8080-exec-2] - com.ssm.listener.MQClient[sendMsg](23) [INFO]  成功加入ipsCompleteCorrectionKey.speiyou队列
2019-03-08 15:28:13 [http-nio-8080-exec-2] - com.ssm.listener.MQClient[sendMsg](23) [INFO]  成功加入ipsCompleteCorrectionKey.speiyou队列
2019-03-08 15:28:13 [http-nio-8080-exec-2] - com.ssm.listener.MQClient[sendMsg](23) [INFO]  成功加入ipsCompleteCorrectionKey.speiyou队列
2019-03-08 15:28:13 [http-nio-8080-exec-2] - com.ssm.listener.MQClient[sendMsg](23) [INFO]  成功加入ipsCompleteCorrectionKey.speiyou队列
2019-03-08 15:28:13 [http-nio-8080-exec-2] - com.ssm.listener.MQClient[sendMsg](23) [INFO]  成功加入ipsCompleteCorrectionKey.speiyou队列
2019-03-08 15:28:13 [http-nio-8080-exec-2] - com.ssm.listener.MQClient[sendMsg](23) [INFO]  成功加入ipsCompleteCorrectionKey.speiyou队列
2019-03-08 15:28:13 [http-nio-8080-exec-2] - com.ssm.listener.MQClient[sendMsg](23) [INFO]  成功加入ipsCompleteCorrectionKey.speiyou队列
2019-03-08 15:28:13 [http-nio-8080-exec-2] - com.ssm.listener.MQClient[sendMsg](23) [INFO]  成功加入ipsCompleteCorrectionKey.speiyou队列
2019-03-08 15:28:13 [http-nio-8080-exec-2] - com.ssm.listener.MQClient[sendMsg](23) [INFO]  成功加入ipsCompleteCorrectionKey.speiyou队列
2019-03-08 15:28:13 [http-nio-8080-exec-2] - com.ssm.listener.MQClient[sendMsg](23) [INFO]  成功加入ipsCompleteCorrectionKey.speiyou队列
2019-03-08 15:28:13 [http-nio-8080-exec-2] - com.ssm.listener.MQClient[sendMsg](23) [INFO]  成功加入ipsCompleteCorrectionKey.speiyou队列
2019-03-08 15:28:13 [http-nio-8080-exec-2] - com.ssm.listener.MQClient[sendMsg](23) [INFO]  成功加入ipsCompleteCorrectionKey.speiyou队列
2019-03-08 15:28:13 [http-nio-8080-exec-2] - com.ssm.listener.MQClient[sendMsg](23) [INFO]  成功加入ipsCompleteCorrectionKey.speiyou队列
2019-03-08 15:28:13 [http-nio-8080-exec-2] - com.ssm.listener.MQClient[sendMsg](23) [INFO]  成功加入ipsCompleteCorrectionKey.speiyou队列
2019-03-08 15:28:13 [http-nio-8080-exec-2] - com.ssm.listener.MQClient[sendMsg](23) [INFO]  成功加入ipsCompleteCorrectionKey.speiyou队列
2019-03-08 15:28:13 [http-nio-8080-exec-2] - com.ssm.listener.MQClient[sendMsg](23) [INFO]  成功加入ipsCompleteCorrectionKey.speiyou队列
2019-03-08 15:28:13 [http-nio-8080-exec-2] - com.ssm.listener.MQClient[sendMsg](23) [INFO]  成功加入ipsCompleteCorrectionKey.speiyou队列
2019-03-08 15:28:13 [http-nio-8080-exec-2] - com.ssm.listener.MQClient[sendMsg](23) [INFO]  成功加入ipsCompleteCorrectionKey.speiyou队列
2019-03-08 15:28:13 [http-nio-8080-exec-2] - com.ssm.listener.MQClient[sendMsg](23) [INFO]  成功加入ipsCompleteCorrectionKey.speiyou队列
2019-03-08 15:28:13 [http-nio-8080-exec-2] - com.ssm.listener.MQClient[sendMsg](23) [INFO]  成功加入ipsCompleteCorrectionKey.speiyou队列
2019-03-08 15:28:13 [http-nio-8080-exec-2] - com.ssm.listener.MQClient[sendMsg](23) [INFO]  成功加入ipsCompleteCorrectionKey.speiyou队列
2019-03-08 15:28:13 [http-nio-8080-exec-2] - com.ssm.listener.MQClient[sendMsg](23) [INFO]  成功加入ipsCompleteCorrectionKey.speiyou队列
2019-03-08 15:28:13 [http-nio-8080-exec-2] - com.ssm.listener.MQClient[sendMsg](23) [INFO]  成功加入ipsCompleteCorrectionKey.speiyou队列
2019-03-08 15:28:13 [http-nio-8080-exec-2] - com.ssm.listener.MQClient[sendMsg](23) [INFO]  成功加入ipsCompleteCorrectionKey.speiyou队列
2019-03-08 15:28:13 [http-nio-8080-exec-2] - com.ssm.listener.MQClient[sendMsg](23) [INFO]  成功加入ipsCompleteCorrectionKey.speiyou队列
2019-03-08 15:28:13 [http-nio-8080-exec-2] - com.ssm.listener.MQClient[sendMsg](23) [INFO]  成功加入ipsCompleteCorrectionKey.speiyou队列
2019-03-08 15:28:13 [http-nio-8080-exec-2] - com.ssm.listener.MQClient[sendMsg](23) [INFO]  成功加入ipsCompleteCorrectionKey.speiyou队列
2019-03-08 15:28:13 [http-nio-8080-exec-2] - com.ssm.listener.MQClient[sendMsg](23) [INFO]  成功加入ipsCompleteCorrectionKey.speiyou队列
2019-03-08 15:28:13 [http-nio-8080-exec-2] - com.ssm.listener.MQClient[sendMsg](23) [INFO]  成功加入ipsCompleteCorrectionKey.speiyou队列
2019-03-08 15:28:13 [http-nio-8080-exec-2] - com.ssm.listener.MQClient[sendMsg](23) [INFO]  成功加入ipsCompleteCorrectionKey.speiyou队列
2019-03-08 15:28:13 [http-nio-8080-exec-2] - com.ssm.listener.MQClient[sendMsg](23) [INFO]  成功加入ipsCompleteCorrectionKey.speiyou队列
2019-03-08 15:28:13 [http-nio-8080-exec-2] - com.ssm.listener.MQClient[sendMsg](23) [INFO]  成功加入ipsCompleteCorrectionKey.speiyou队列
2019-03-08 15:28:13 [http-nio-8080-exec-2] - com.ssm.listener.MQClient[sendMsg](23) [INFO]  成功加入ipsCompleteCorrectionKey.speiyou队列
2019-03-08 15:28:13 [http-nio-8080-exec-2] - com.ssm.listener.MQClient[sendMsg](23) [INFO]  成功加入ipsCompleteCorrectionKey.speiyou队列
2019-03-08 15:28:13 [http-nio-8080-exec-2] - com.ssm.listener.MQClient[sendMsg](23) [INFO]  成功加入ipsCompleteCorrectionKey.speiyou队列
2019-03-08 15:28:13 [http-nio-8080-exec-2] - com.ssm.listener.MQClient[sendMsg](23) [INFO]  成功加入ipsCompleteCorrectionKey.speiyou队列
2019-03-08 15:28:13 [http-nio-8080-exec-2] - com.ssm.listener.MQClient[sendMsg](23) [INFO]  成功加入ipsCompleteCorrectionKey.speiyou队列
2019-03-08 15:28:13 [http-nio-8080-exec-2] - com.ssm.listener.MQClient[sendMsg](23) [INFO]  成功加入ipsCompleteCorrectionKey.speiyou队列
2019-03-08 15:28:13 [http-nio-8080-exec-2] - com.ssm.listener.MQClient[sendMsg](23) [INFO]  成功加入ipsCompleteCorrectionKey.speiyou队列
2019-03-08 15:28:13 [http-nio-8080-exec-2] - com.ssm.listener.MQClient[sendMsg](23) [INFO]  成功加入ipsCompleteCorrectionKey.speiyou队列
2019-03-08 15:28:13 [http-nio-8080-exec-2] - com.ssm.listener.MQClient[sendMsg](23) [INFO]  成功加入ipsCompleteCorrectionKey.speiyou队列
2019-03-08 15:28:13 [http-nio-8080-exec-2] - com.ssm.listener.MQClient[sendMsg](23) [INFO]  成功加入ipsCompleteCorrectionKey.speiyou队列
2019-03-08 15:28:13 [http-nio-8080-exec-2] - com.ssm.listener.MQClient[sendMsg](23) [INFO]  成功加入ipsCompleteCorrectionKey.speiyou队列
2019-03-08 15:28:13 [http-nio-8080-exec-2] - com.ssm.listener.MQClient[sendMsg](23) [INFO]  成功加入ipsCompleteCorrectionKey.speiyou队列
2019-03-08 15:28:13 [http-nio-8080-exec-2] - com.ssm.listener.MQClient[sendMsg](23) [INFO]  成功加入ipsCompleteCorrectionKey.speiyou队列
2019-03-08 15:28:13 [http-nio-8080-exec-2] - com.ssm.listener.MQClient[sendMsg](23) [INFO]  成功加入ipsCompleteCorrectionKey.speiyou队列
2019-03-08 15:28:13 [http-nio-8080-exec-2] - com.ssm.listener.MQClient[sendMsg](23) [INFO]  成功加入ipsCompleteCorrectionKey.speiyou队列
2019-03-08 15:28:13 [http-nio-8080-exec-2] - com.ssm.listener.MQClient[sendMsg](23) [INFO]  成功加入ipsCompleteCorrectionKey.speiyou队列
2019-03-08 15:28:13 [http-nio-8080-exec-2] - com.ssm.listener.MQClient[sendMsg](23) [INFO]  成功加入ipsCompleteCorrectionKey.speiyou队列
2019-03-08 15:28:13 [http-nio-8080-exec-2] - com.ssm.listener.MQClient[sendMsg](23) [INFO]  成功加入ipsCompleteCorrectionKey.speiyou队列
2019-03-08 15:28:13 [http-nio-8080-exec-2] - com.ssm.listener.MQClient[sendMsg](23) [INFO]  成功加入ipsCompleteCorrectionKey.speiyou队列
2019-03-08 15:28:13 [http-nio-8080-exec-2] - com.ssm.listener.MQClient[sendMsg](23) [INFO]  成功加入ipsCompleteCorrectionKey.speiyou队列
2019-03-08 15:28:13 [http-nio-8080-exec-2] - com.ssm.listener.MQClient[sendMsg](23) [INFO]  成功加入ipsCompleteCorrectionKey.speiyou队列
2019-03-08 15:28:13 [http-nio-8080-exec-2] - com.ssm.listener.MQClient[sendMsg](23) [INFO]  成功加入ipsCompleteCorrectionKey.speiyou队列
2019-03-08 15:28:13 [http-nio-8080-exec-2] - com.ssm.listener.MQClient[sendMsg](23) [INFO]  成功加入ipsCompleteCorrectionKey.speiyou队列
2019-03-08 15:28:13 [http-nio-8080-exec-2] - com.ssm.listener.MQClient[sendMsg](23) [INFO]  成功加入ipsCompleteCorrectionKey.speiyou队列
2019-03-08 15:28:13 [http-nio-8080-exec-2] - com.ssm.listener.MQClient[sendMsg](23) [INFO]  成功加入ipsCompleteCorrectionKey.speiyou队列
2019-03-08 15:28:13 [http-nio-8080-exec-2] - com.ssm.listener.MQClient[sendMsg](23) [INFO]  成功加入ipsCompleteCorrectionKey.speiyou队列
2019-03-08 15:28:13 [http-nio-8080-exec-2] - com.ssm.listener.MQClient[sendMsg](23) [INFO]  成功加入ipsCompleteCorrectionKey.speiyou队列
2019-03-08 15:28:13 [http-nio-8080-exec-2] - com.ssm.listener.MQClient[sendMsg](23) [INFO]  成功加入ipsCompleteCorrectionKey.speiyou队列
2019-03-08 15:28:13 [http-nio-8080-exec-2] - com.ssm.listener.MQClient[sendMsg](23) [INFO]  成功加入ipsCompleteCorrectionKey.speiyou队列
2019-03-08 15:28:13 [http-nio-8080-exec-2] - com.ssm.listener.MQClient[sendMsg](23) [INFO]  成功加入ipsCompleteCorrectionKey.speiyou队列
2019-03-08 15:28:13 [http-nio-8080-exec-2] - com.ssm.listener.MQClient[sendMsg](23) [INFO]  成功加入ipsCompleteCorrectionKey.speiyou队列
2019-03-08 15:28:13 [http-nio-8080-exec-2] - com.ssm.listener.MQClient[sendMsg](23) [INFO]  成功加入ipsCompleteCorrectionKey.speiyou队列
2019-03-08 15:28:13 [http-nio-8080-exec-2] - com.ssm.listener.MQClient[sendMsg](23) [INFO]  成功加入ipsCompleteCorrectionKey.speiyou队列
2019-03-08 15:28:13 [http-nio-8080-exec-2] - com.ssm.listener.MQClient[sendMsg](23) [INFO]  成功加入ipsCompleteCorrectionKey.speiyou队列
2019-03-08 15:28:13 [http-nio-8080-exec-2] - com.ssm.listener.MQClient[sendMsg](23) [INFO]  成功加入ipsCompleteCorrectionKey.speiyou队列
2019-03-08 15:28:13 [http-nio-8080-exec-2] - com.ssm.listener.MQClient[sendMsg](23) [INFO]  成功加入ipsCompleteCorrectionKey.speiyou队列
2019-03-08 15:28:13 [http-nio-8080-exec-2] - com.ssm.listener.MQClient[sendMsg](23) [INFO]  成功加入ipsCompleteCorrectionKey.speiyou队列
2019-03-08 15:28:13 [http-nio-8080-exec-2] - com.ssm.listener.MQClient[sendMsg](23) [INFO]  成功加入ipsCompleteCorrectionKey.speiyou队列
2019-03-08 15:28:13 [http-nio-8080-exec-2] - com.ssm.listener.MQClient[sendMsg](23) [INFO]  成功加入ipsCompleteCorrectionKey.speiyou队列
2019-03-08 15:28:13 [http-nio-8080-exec-2] - com.ssm.listener.MQClient[sendMsg](23) [INFO]  成功加入ipsCompleteCorrectionKey.speiyou队列
2019-03-08 15:28:13 [http-nio-8080-exec-2] - com.ssm.listener.MQClient[sendMsg](23) [INFO]  成功加入ipsCompleteCorrectionKey.speiyou队列
2019-03-08 15:28:13 [http-nio-8080-exec-2] - com.ssm.listener.MQClient[sendMsg](23) [INFO]  成功加入ipsCompleteCorrectionKey.speiyou队列
2019-03-08 15:28:13 [http-nio-8080-exec-2] - com.ssm.listener.MQClient[sendMsg](23) [INFO]  成功加入ipsCompleteCorrectionKey.speiyou队列
2019-03-08 15:28:13 [http-nio-8080-exec-2] - com.ssm.listener.MQClient[sendMsg](23) [INFO]  成功加入ipsCompleteCorrectionKey.speiyou队列
2019-03-08 15:28:13 [http-nio-8080-exec-2] - com.ssm.listener.MQClient[sendMsg](23) [INFO]  成功加入ipsCompleteCorrectionKey.speiyou队列
2019-03-08 15:28:13 [http-nio-8080-exec-2] - com.ssm.listener.MQClient[sendMsg](23) [INFO]  成功加入ipsCompleteCorrectionKey.speiyou队列
2019-03-08 15:28:13 [http-nio-8080-exec-2] - com.ssm.listener.MQClient[sendMsg](23) [INFO]  成功加入ipsCompleteCorrectionKey.speiyou队列
2019-03-08 15:28:13 [http-nio-8080-exec-2] - com.ssm.listener.MQClient[sendMsg](23) [INFO]  成功加入ipsCompleteCorrectionKey.speiyou队列
2019-03-08 15:28:13 [http-nio-8080-exec-2] - com.ssm.listener.MQClient[sendMsg](23) [INFO]  成功加入ipsCompleteCorrectionKey.speiyou队列
2019-03-08 15:28:13 [http-nio-8080-exec-2] - com.ssm.listener.MQClient[sendMsg](23) [INFO]  成功加入ipsCompleteCorrectionKey.speiyou队列
2019-03-08 15:28:13 [http-nio-8080-exec-2] - com.ssm.listener.MQClient[sendMsg](23) [INFO]  成功加入ipsCompleteCorrectionKey.speiyou队列
2019-03-08 15:28:13 [http-nio-8080-exec-2] - com.ssm.listener.MQClient[sendMsg](23) [INFO]  成功加入ipsCompleteCorrectionKey.speiyou队列
2019-03-08 15:28:13 [http-nio-8080-exec-2] - com.ssm.listener.MQClient[sendMsg](23) [INFO]  成功加入ipsCompleteCorrectionKey.speiyou队列
2019-03-08 15:28:13 [http-nio-8080-exec-2] - com.ssm.listener.MQClient[sendMsg](23) [INFO]  成功加入ipsCompleteCorrectionKey.speiyou队列
2019-03-08 15:28:13 [http-nio-8080-exec-2] - com.ssm.listener.MQClient[sendMsg](23) [INFO]  成功加入ipsCompleteCorrectionKey.speiyou队列
2019-03-08 15:28:13 [http-nio-8080-exec-2] - com.ssm.listener.MQClient[sendMsg](23) [INFO]  成功加入ipsCompleteCorrectionKey.speiyou队列
2019-03-08 15:28:13 [http-nio-8080-exec-2] - com.ssm.listener.MQClient[sendMsg](23) [INFO]  成功加入ipsCompleteCorrectionKey.speiyou队列
2019-03-08 15:28:13 [http-nio-8080-exec-2] - com.ssm.listener.MQClient[sendMsg](23) [INFO]  成功加入ipsCompleteCorrectionKey.speiyou队列
2019-03-08 15:28:13 [http-nio-8080-exec-2] - com.ssm.listener.MQClient[sendMsg](23) [INFO]  成功加入ipsCompleteCorrectionKey.speiyou队列
2019-03-08 15:28:13 [http-nio-8080-exec-2] - com.ssm.listener.MQClient[sendMsg](23) [INFO]  成功加入ipsCompleteCorrectionKey.speiyou队列
2019-03-08 15:28:13 [http-nio-8080-exec-2] - com.ssm.listener.MQClient[sendMsg](23) [INFO]  成功加入ipsCompleteCorrectionKey.speiyou队列
2019-03-08 15:28:13 [http-nio-8080-exec-2] - com.ssm.listener.MQClient[sendMsg](23) [INFO]  成功加入ipsCompleteCorrectionKey.speiyou队列
2019-03-08 15:28:13 [http-nio-8080-exec-2] - com.ssm.listener.MQClient[sendMsg](23) [INFO]  成功加入ipsCompleteCorrectionKey.speiyou队列
2019-03-08 15:28:13 [http-nio-8080-exec-2] - com.ssm.listener.MQClient[sendMsg](23) [INFO]  成功加入ipsCompleteCorrectionKey.speiyou队列
2019-03-08 15:28:13 [http-nio-8080-exec-2] - com.ssm.listener.MQClient[sendMsg](23) [INFO]  成功加入ipsCompleteCorrectionKey.speiyou队列
2019-03-08 15:28:13 [http-nio-8080-exec-2] - com.ssm.listener.MQClient[sendMsg](23) [INFO]  成功加入ipsCompleteCorrectionKey.speiyou队列
2019-03-08 15:28:13 [http-nio-8080-exec-2] - com.ssm.listener.MQClient[sendMsg](23) [INFO]  成功加入ipsCompleteCorrectionKey.speiyou队列
2019-03-08 15:28:13 [http-nio-8080-exec-2] - com.ssm.listener.MQClient[sendMsg](23) [INFO]  成功加入ipsCompleteCorrectionKey.speiyou队列
2019-03-08 15:28:13 [http-nio-8080-exec-2] - com.ssm.listener.MQClient[sendMsg](23) [INFO]  成功加入ipsCompleteCorrectionKey.speiyou队列
2019-03-08 15:28:13 [http-nio-8080-exec-2] - com.ssm.listener.MQClient[sendMsg](23) [INFO]  成功加入ipsCompleteCorrectionKey.speiyou队列
2019-03-08 15:28:13 [http-nio-8080-exec-2] - com.ssm.listener.MQClient[sendMsg](23) [INFO]  成功加入ipsCompleteCorrectionKey.speiyou队列
2019-03-08 15:28:13 [http-nio-8080-exec-2] - com.ssm.listener.MQClient[sendMsg](23) [INFO]  成功加入ipsCompleteCorrectionKey.speiyou队列
2019-03-08 15:28:13 [http-nio-8080-exec-2] - com.ssm.listener.MQClient[sendMsg](23) [INFO]  成功加入ipsCompleteCorrectionKey.speiyou队列
2019-03-08 15:28:13 [http-nio-8080-exec-2] - com.ssm.listener.MQClient[sendMsg](23) [INFO]  成功加入ipsCompleteCorrectionKey.speiyou队列
2019-03-08 15:28:13 [http-nio-8080-exec-2] - com.ssm.listener.MQClient[sendMsg](23) [INFO]  成功加入ipsCompleteCorrectionKey.speiyou队列
2019-03-08 15:28:13 [http-nio-8080-exec-2] - com.ssm.listener.MQClient[sendMsg](23) [INFO]  成功加入ipsCompleteCorrectionKey.speiyou队列
2019-03-08 15:28:13 [http-nio-8080-exec-2] - com.ssm.listener.MQClient[sendMsg](23) [INFO]  成功加入ipsCompleteCorrectionKey.speiyou队列
2019-03-08 15:28:13 [http-nio-8080-exec-2] - com.ssm.listener.MQClient[sendMsg](23) [INFO]  成功加入ipsCompleteCorrectionKey.speiyou队列
2019-03-08 15:28:13 [http-nio-8080-exec-2] - com.ssm.listener.MQClient[sendMsg](23) [INFO]  成功加入ipsCompleteCorrectionKey.speiyou队列
2019-03-08 15:28:13 [http-nio-8080-exec-2] - com.ssm.listener.MQClient[sendMsg](23) [INFO]  成功加入ipsCompleteCorrectionKey.speiyou队列
2019-03-08 15:28:13 [http-nio-8080-exec-2] - com.ssm.listener.MQClient[sendMsg](23) [INFO]  成功加入ipsCompleteCorrectionKey.speiyou队列
2019-03-08 15:28:13 [http-nio-8080-exec-2] - com.ssm.listener.MQClient[sendMsg](23) [INFO]  成功加入ipsCompleteCorrectionKey.speiyou队列
2019-03-08 15:28:13 [http-nio-8080-exec-2] - com.ssm.listener.MQClient[sendMsg](23) [INFO]  成功加入ipsCompleteCorrectionKey.speiyou队列
2019-03-08 15:28:13 [http-nio-8080-exec-2] - com.ssm.listener.MQClient[sendMsg](23) [INFO]  成功加入ipsCompleteCorrectionKey.speiyou队列
2019-03-08 15:28:13 [http-nio-8080-exec-2] - com.ssm.listener.MQClient[sendMsg](23) [INFO]  成功加入ipsCompleteCorrectionKey.speiyou队列
2019-03-08 15:28:13 [http-nio-8080-exec-2] - com.ssm.listener.MQClient[sendMsg](23) [INFO]  成功加入ipsCompleteCorrectionKey.speiyou队列
2019-03-08 15:28:13 [http-nio-8080-exec-2] - com.ssm.listener.MQClient[sendMsg](23) [INFO]  成功加入ipsCompleteCorrectionKey.speiyou队列
2019-03-08 15:28:13 [http-nio-8080-exec-2] - com.ssm.listener.MQClient[sendMsg](23) [INFO]  成功加入ipsCompleteCorrectionKey.speiyou队列
2019-03-08 15:28:13 [http-nio-8080-exec-2] - com.ssm.listener.MQClient[sendMsg](23) [INFO]  成功加入ipsCompleteCorrectionKey.speiyou队列
2019-03-08 15:28:13 [http-nio-8080-exec-2] - com.ssm.listener.MQClient[sendMsg](23) [INFO]  成功加入ipsCompleteCorrectionKey.speiyou队列
2019-03-08 15:28:13 [http-nio-8080-exec-2] - com.ssm.listener.MQClient[sendMsg](23) [INFO]  成功加入ipsCompleteCorrectionKey.speiyou队列
2019-03-08 15:28:13 [http-nio-8080-exec-2] - com.ssm.listener.MQClient[sendMsg](23) [INFO]  成功加入ipsCompleteCorrectionKey.speiyou队列
2019-03-08 15:28:13 [http-nio-8080-exec-2] - com.ssm.listener.MQClient[sendMsg](23) [INFO]  成功加入ipsCompleteCorrectionKey.speiyou队列
2019-03-08 15:28:13 [http-nio-8080-exec-2] - com.ssm.listener.MQClient[sendMsg](23) [INFO]  成功加入ipsCompleteCorrectionKey.speiyou队列
2019-03-08 15:28:13 [http-nio-8080-exec-2] - com.ssm.listener.MQClient[sendMsg](23) [INFO]  成功加入ipsCompleteCorrectionKey.speiyou队列
2019-03-08 15:28:13 [http-nio-8080-exec-2] - com.ssm.listener.MQClient[sendMsg](23) [INFO]  成功加入ipsCompleteCorrectionKey.speiyou队列
2019-03-08 15:28:13 [http-nio-8080-exec-2] - com.ssm.listener.MQClient[sendMsg](23) [INFO]  成功加入ipsCompleteCorrectionKey.speiyou队列
2019-03-08 15:28:13 [http-nio-8080-exec-2] - com.ssm.listener.MQClient[sendMsg](23) [INFO]  成功加入ipsCompleteCorrectionKey.speiyou队列
2019-03-08 15:28:13 [http-nio-8080-exec-2] - com.ssm.listener.MQClient[sendMsg](23) [INFO]  成功加入ipsCompleteCorrectionKey.speiyou队列
2019-03-08 15:28:13 [http-nio-8080-exec-2] - com.ssm.listener.MQClient[sendMsg](23) [INFO]  成功加入ipsCompleteCorrectionKey.speiyou队列
2019-03-08 15:28:13 [http-nio-8080-exec-2] - com.ssm.listener.MQClient[sendMsg](23) [INFO]  成功加入ipsCompleteCorrectionKey.speiyou队列
2019-03-08 15:28:13 [http-nio-8080-exec-2] - com.ssm.listener.MQClient[sendMsg](23) [INFO]  成功加入ipsCompleteCorrectionKey.speiyou队列
2019-03-08 15:28:13 [http-nio-8080-exec-2] - com.ssm.listener.MQClient[sendMsg](23) [INFO]  成功加入ipsCompleteCorrectionKey.speiyou队列
2019-03-08 15:28:13 [http-nio-8080-exec-2] - com.ssm.listener.MQClient[sendMsg](23) [INFO]  成功加入ipsCompleteCorrectionKey.speiyou队列
2019-03-08 15:28:13 [http-nio-8080-exec-2] - com.ssm.listener.MQClient[sendMsg](23) [INFO]  成功加入ipsCompleteCorrectionKey.speiyou队列
2019-03-08 15:28:13 [http-nio-8080-exec-2] - com.ssm.listener.MQClient[sendMsg](23) [INFO]  成功加入ipsCompleteCorrectionKey.speiyou队列
2019-03-08 15:28:13 [http-nio-8080-exec-2] - com.ssm.listener.MQClient[sendMsg](23) [INFO]  成功加入ipsCompleteCorrectionKey.speiyou队列
2019-03-08 15:28:13 [http-nio-8080-exec-2] - com.ssm.listener.MQClient[sendMsg](23) [INFO]  成功加入ipsCompleteCorrectionKey.speiyou队列
2019-03-08 15:28:13 [http-nio-8080-exec-2] - com.ssm.listener.MQClient[sendMsg](23) [INFO]  成功加入ipsCompleteCorrectionKey.speiyou队列
2019-03-08 15:28:13 [http-nio-8080-exec-2] - com.ssm.listener.MQClient[sendMsg](23) [INFO]  成功加入ipsCompleteCorrectionKey.speiyou队列
2019-03-08 15:28:13 [http-nio-8080-exec-2] - com.ssm.listener.MQClient[sendMsg](23) [INFO]  成功加入ipsCompleteCorrectionKey.speiyou队列
2019-03-08 15:28:13 [http-nio-8080-exec-2] - com.ssm.listener.MQClient[sendMsg](23) [INFO]  成功加入ipsCompleteCorrectionKey.speiyou队列
2019-03-08 15:28:13 [http-nio-8080-exec-2] - com.ssm.listener.MQClient[sendMsg](23) [INFO]  成功加入ipsCompleteCorrectionKey.speiyou队列
2019-03-08 15:28:13 [http-nio-8080-exec-2] - com.ssm.listener.MQClient[sendMsg](23) [INFO]  成功加入ipsCompleteCorrectionKey.speiyou队列
2019-03-08 15:28:13 [http-nio-8080-exec-2] - com.ssm.listener.MQClient[sendMsg](23) [INFO]  成功加入ipsCompleteCorrectionKey.speiyou队列
2019-03-08 15:28:13 [http-nio-8080-exec-2] - com.ssm.listener.MQClient[sendMsg](23) [INFO]  成功加入ipsCompleteCorrectionKey.speiyou队列
2019-03-08 15:28:13 [http-nio-8080-exec-2] - com.ssm.listener.MQClient[sendMsg](23) [INFO]  成功加入ipsCompleteCorrectionKey.speiyou队列
2019-03-08 15:28:13 [http-nio-8080-exec-2] - com.ssm.listener.MQClient[sendMsg](23) [INFO]  成功加入ipsCompleteCorrectionKey.speiyou队列
2019-03-08 15:28:13 [http-nio-8080-exec-2] - com.ssm.listener.MQClient[sendMsg](23) [INFO]  成功加入ipsCompleteCorrectionKey.speiyou队列
2019-03-08 15:28:13 [http-nio-8080-exec-2] - com.ssm.listener.MQClient[sendMsg](23) [INFO]  成功加入ipsCompleteCorrectionKey.speiyou队列
2019-03-08 15:28:13 [http-nio-8080-exec-2] - com.ssm.listener.MQClient[sendMsg](23) [INFO]  成功加入ipsCompleteCorrectionKey.speiyou队列
2019-03-08 15:28:13 [http-nio-8080-exec-2] - com.ssm.listener.MQClient[sendMsg](23) [INFO]  成功加入ipsCompleteCorrectionKey.speiyou队列
2019-03-08 15:28:13 [http-nio-8080-exec-2] - com.ssm.listener.MQClient[sendMsg](23) [INFO]  成功加入ipsCompleteCorrectionKey.speiyou队列
2019-03-08 15:28:13 [http-nio-8080-exec-2] - com.ssm.listener.MQClient[sendMsg](23) [INFO]  成功加入ipsCompleteCorrectionKey.speiyou队列
2019-03-08 15:28:13 [http-nio-8080-exec-2] - com.ssm.listener.MQClient[sendMsg](23) [INFO]  成功加入ipsCompleteCorrectionKey.speiyou队列
2019-03-08 15:28:13 [http-nio-8080-exec-2] - com.ssm.listener.MQClient[sendMsg](23) [INFO]  成功加入ipsCompleteCorrectionKey.speiyou队列
2019-03-08 15:28:13 [http-nio-8080-exec-2] - com.ssm.listener.MQClient[sendMsg](23) [INFO]  成功加入ipsCompleteCorrectionKey.speiyou队列
2019-03-08 15:28:13 [http-nio-8080-exec-2] - com.ssm.listener.MQClient[sendMsg](23) [INFO]  成功加入ipsCompleteCorrectionKey.speiyou队列
2019-03-08 15:28:13 [http-nio-8080-exec-2] - com.ssm.listener.MQClient[sendMsg](23) [INFO]  成功加入ipsCompleteCorrectionKey.speiyou队列
2019-03-08 15:28:13 [http-nio-8080-exec-2] - com.ssm.listener.MQClient[sendMsg](23) [INFO]  成功加入ipsCompleteCorrectionKey.speiyou队列
2019-03-08 15:28:13 [http-nio-8080-exec-2] - com.ssm.listener.MQClient[sendMsg](23) [INFO]  成功加入ipsCompleteCorrectionKey.speiyou队列
2019-03-08 15:28:13 [http-nio-8080-exec-2] - com.ssm.listener.MQClient[sendMsg](23) [INFO]  成功加入ipsCompleteCorrectionKey.speiyou队列
2019-03-08 15:28:13 [http-nio-8080-exec-2] - com.ssm.listener.MQClient[sendMsg](23) [INFO]  成功加入ipsCompleteCorrectionKey.speiyou队列
2019-03-08 15:28:13 [http-nio-8080-exec-2] - com.ssm.listener.MQClient[sendMsg](23) [INFO]  成功加入ipsCompleteCorrectionKey.speiyou队列
2019-03-08 15:28:13 [http-nio-8080-exec-2] - com.ssm.listener.MQClient[sendMsg](23) [INFO]  成功加入ipsCompleteCorrectionKey.speiyou队列
2019-03-08 15:28:13 [http-nio-8080-exec-2] - com.ssm.listener.MQClient[sendMsg](23) [INFO]  成功加入ipsCompleteCorrectionKey.speiyou队列
2019-03-08 15:28:13 [http-nio-8080-exec-2] - com.ssm.listener.MQClient[sendMsg](23) [INFO]  成功加入ipsCompleteCorrectionKey.speiyou队列
2019-03-08 15:28:13 [http-nio-8080-exec-2] - com.ssm.listener.MQClient[sendMsg](23) [INFO]  成功加入ipsCompleteCorrectionKey.speiyou队列
2019-03-08 15:28:13 [http-nio-8080-exec-2] - com.ssm.listener.MQClient[sendMsg](23) [INFO]  成功加入ipsCompleteCorrectionKey.speiyou队列
2019-03-08 15:28:13 [http-nio-8080-exec-2] - com.ssm.listener.MQClient[sendMsg](23) [INFO]  成功加入ipsCompleteCorrectionKey.speiyou队列
2019-03-08 15:28:13 [http-nio-8080-exec-2] - com.ssm.listener.MQClient[sendMsg](23) [INFO]  成功加入ipsCompleteCorrectionKey.speiyou队列
2019-03-08 15:28:13 [http-nio-8080-exec-2] - com.ssm.listener.MQClient[sendMsg](23) [INFO]  成功加入ipsCompleteCorrectionKey.speiyou队列
2019-03-08 15:28:13 [http-nio-8080-exec-2] - com.ssm.listener.MQClient[sendMsg](23) [INFO]  成功加入ipsCompleteCorrectionKey.speiyou队列
2019-03-08 15:28:13 [http-nio-8080-exec-2] - com.ssm.listener.MQClient[sendMsg](23) [INFO]  成功加入ipsCompleteCorrectionKey.speiyou队列
2019-03-08 15:28:13 [http-nio-8080-exec-2] - com.ssm.listener.MQClient[sendMsg](23) [INFO]  成功加入ipsCompleteCorrectionKey.speiyou队列
2019-03-08 15:28:13 [http-nio-8080-exec-2] - com.ssm.listener.MQClient[sendMsg](23) [INFO]  成功加入ipsCompleteCorrectionKey.speiyou队列
2019-03-08 15:28:13 [http-nio-8080-exec-2] - com.ssm.listener.MQClient[sendMsg](23) [INFO]  成功加入ipsCompleteCorrectionKey.speiyou队列
2019-03-08 15:28:13 [http-nio-8080-exec-2] - com.ssm.listener.MQClient[sendMsg](23) [INFO]  成功加入ipsCompleteCorrectionKey.speiyou队列
2019-03-08 15:28:13 [http-nio-8080-exec-2] - com.ssm.listener.MQClient[sendMsg](23) [INFO]  成功加入ipsCompleteCorrectionKey.speiyou队列
2019-03-08 15:28:13 [http-nio-8080-exec-2] - com.ssm.listener.MQClient[sendMsg](23) [INFO]  成功加入ipsCompleteCorrectionKey.speiyou队列
2019-03-08 15:28:13 [http-nio-8080-exec-2] - com.ssm.listener.MQClient[sendMsg](23) [INFO]  成功加入ipsCompleteCorrectionKey.speiyou队列
2019-03-08 15:28:13 [http-nio-8080-exec-2] - com.ssm.listener.MQClient[sendMsg](23) [INFO]  成功加入ipsCompleteCorrectionKey.speiyou队列
2019-03-08 15:28:13 [http-nio-8080-exec-2] - com.ssm.listener.MQClient[sendMsg](23) [INFO]  成功加入ipsCompleteCorrectionKey.speiyou队列
2019-03-08 15:28:13 [http-nio-8080-exec-2] - com.ssm.listener.MQClient[sendMsg](23) [INFO]  成功加入ipsCompleteCorrectionKey.speiyou队列
2019-03-08 15:28:13 [http-nio-8080-exec-2] - com.ssm.listener.MQClient[sendMsg](23) [INFO]  成功加入ipsCompleteCorrectionKey.speiyou队列
2019-03-08 15:28:13 [http-nio-8080-exec-2] - com.ssm.listener.MQClient[sendMsg](23) [INFO]  成功加入ipsCompleteCorrectionKey.speiyou队列
2019-03-08 15:28:13 [http-nio-8080-exec-2] - com.ssm.listener.MQClient[sendMsg](23) [INFO]  成功加入ipsCompleteCorrectionKey.speiyou队列
2019-03-08 15:28:13 [http-nio-8080-exec-2] - com.ssm.listener.MQClient[sendMsg](23) [INFO]  成功加入ipsCompleteCorrectionKey.speiyou队列
2019-03-08 15:28:13 [http-nio-8080-exec-2] - com.ssm.listener.MQClient[sendMsg](23) [INFO]  成功加入ipsCompleteCorrectionKey.speiyou队列
2019-03-08 15:28:13 [http-nio-8080-exec-2] - com.ssm.listener.MQClient[sendMsg](23) [INFO]  成功加入ipsCompleteCorrectionKey.speiyou队列
2019-03-08 15:28:13 [http-nio-8080-exec-2] - com.ssm.listener.MQClient[sendMsg](23) [INFO]  成功加入ipsCompleteCorrectionKey.speiyou队列
2019-03-08 15:28:13 [http-nio-8080-exec-2] - com.ssm.listener.MQClient[sendMsg](23) [INFO]  成功加入ipsCompleteCorrectionKey.speiyou队列
2019-03-08 15:28:13 [http-nio-8080-exec-2] - com.ssm.listener.MQClient[sendMsg](23) [INFO]  成功加入ipsCompleteCorrectionKey.speiyou队列
2019-03-08 15:28:13 [http-nio-8080-exec-2] - com.ssm.listener.MQClient[sendMsg](23) [INFO]  成功加入ipsCompleteCorrectionKey.speiyou队列
2019-03-08 15:28:13 [http-nio-8080-exec-2] - com.ssm.listener.MQClient[sendMsg](23) [INFO]  成功加入ipsCompleteCorrectionKey.speiyou队列
2019-03-08 15:28:13 [http-nio-8080-exec-2] - com.ssm.listener.MQClient[sendMsg](23) [INFO]  成功加入ipsCompleteCorrectionKey.speiyou队列
2019-03-08 15:28:13 [http-nio-8080-exec-2] - com.ssm.listener.MQClient[sendMsg](23) [INFO]  成功加入ipsCompleteCorrectionKey.speiyou队列
2019-03-08 15:28:13 [http-nio-8080-exec-2] - com.ssm.listener.MQClient[sendMsg](23) [INFO]  成功加入ipsCompleteCorrectionKey.speiyou队列
2019-03-08 15:28:13 [http-nio-8080-exec-2] - com.ssm.listener.MQClient[sendMsg](23) [INFO]  成功加入ipsCompleteCorrectionKey.speiyou队列
2019-03-08 15:28:13 [http-nio-8080-exec-2] - com.ssm.listener.MQClient[sendMsg](23) [INFO]  成功加入ipsCompleteCorrectionKey.speiyou队列
2019-03-08 15:28:13 [http-nio-8080-exec-2] - com.ssm.listener.MQClient[sendMsg](23) [INFO]  成功加入ipsCompleteCorrectionKey.speiyou队列
2019-03-08 15:28:13 [http-nio-8080-exec-2] - com.ssm.listener.MQClient[sendMsg](23) [INFO]  成功加入ipsCompleteCorrectionKey.speiyou队列
2019-03-08 15:28:13 [http-nio-8080-exec-2] - com.ssm.listener.MQClient[sendMsg](23) [INFO]  成功加入ipsCompleteCorrectionKey.speiyou队列
2019-03-08 15:28:13 [http-nio-8080-exec-2] - com.ssm.listener.MQClient[sendMsg](23) [INFO]  成功加入ipsCompleteCorrectionKey.speiyou队列
2019-03-08 15:28:13 [http-nio-8080-exec-2] - com.ssm.listener.MQClient[sendMsg](23) [INFO]  成功加入ipsCompleteCorrectionKey.speiyou队列
2019-03-08 15:28:13 [http-nio-8080-exec-2] - com.ssm.listener.MQClient[sendMsg](23) [INFO]  成功加入ipsCompleteCorrectionKey.speiyou队列
2019-03-08 15:28:13 [http-nio-8080-exec-2] - com.ssm.listener.MQClient[sendMsg](23) [INFO]  成功加入ipsCompleteCorrectionKey.speiyou队列
2019-03-08 15:28:13 [http-nio-8080-exec-2] - com.ssm.listener.MQClient[sendMsg](23) [INFO]  成功加入ipsCompleteCorrectionKey.speiyou队列
2019-03-08 15:28:13 [http-nio-8080-exec-2] - com.ssm.listener.MQClient[sendMsg](23) [INFO]  成功加入ipsCompleteCorrectionKey.speiyou队列
2019-03-08 15:28:13 [http-nio-8080-exec-2] - com.ssm.listener.MQClient[sendMsg](23) [INFO]  成功加入ipsCompleteCorrectionKey.speiyou队列
2019-03-08 15:28:13 [http-nio-8080-exec-2] - com.ssm.listener.MQClient[sendMsg](23) [INFO]  成功加入ipsCompleteCorrectionKey.speiyou队列
2019-03-08 15:28:13 [http-nio-8080-exec-2] - com.ssm.listener.MQClient[sendMsg](23) [INFO]  成功加入ipsCompleteCorrectionKey.speiyou队列
2019-03-08 15:28:13 [http-nio-8080-exec-2] - com.ssm.listener.MQClient[sendMsg](23) [INFO]  成功加入ipsCompleteCorrectionKey.speiyou队列
2019-03-08 15:28:13 [http-nio-8080-exec-2] - com.ssm.listener.MQClient[sendMsg](23) [INFO]  成功加入ipsCompleteCorrectionKey.speiyou队列
2019-03-08 15:28:13 [http-nio-8080-exec-2] - com.ssm.listener.MQClient[sendMsg](23) [INFO]  成功加入ipsCompleteCorrectionKey.speiyou队列
2019-03-08 15:28:13 [http-nio-8080-exec-2] - com.ssm.listener.MQClient[sendMsg](23) [INFO]  成功加入ipsCompleteCorrectionKey.speiyou队列
2019-03-08 15:28:13 [http-nio-8080-exec-2] - com.ssm.listener.MQClient[sendMsg](23) [INFO]  成功加入ipsCompleteCorrectionKey.speiyou队列
2019-03-08 15:28:13 [http-nio-8080-exec-2] - com.ssm.listener.MQClient[sendMsg](23) [INFO]  成功加入ipsCompleteCorrectionKey.speiyou队列
2019-03-08 15:28:13 [http-nio-8080-exec-2] - com.ssm.listener.MQClient[sendMsg](23) [INFO]  成功加入ipsCompleteCorrectionKey.speiyou队列
2019-03-08 15:28:13 [http-nio-8080-exec-2] - com.ssm.listener.MQClient[sendMsg](23) [INFO]  成功加入ipsCompleteCorrectionKey.speiyou队列
2019-03-08 15:28:13 [http-nio-8080-exec-2] - com.ssm.listener.MQClient[sendMsg](23) [INFO]  成功加入ipsCompleteCorrectionKey.speiyou队列
2019-03-08 15:28:13 [http-nio-8080-exec-2] - com.ssm.listener.MQClient[sendMsg](23) [INFO]  成功加入ipsCompleteCorrectionKey.speiyou队列
2019-03-08 15:28:13 [http-nio-8080-exec-2] - com.ssm.listener.MQClient[sendMsg](23) [INFO]  成功加入ipsCompleteCorrectionKey.speiyou队列
2019-03-08 15:28:13 [http-nio-8080-exec-2] - com.ssm.listener.MQClient[sendMsg](23) [INFO]  成功加入ipsCompleteCorrectionKey.speiyou队列
2019-03-08 15:28:13 [http-nio-8080-exec-2] - com.ssm.listener.MQClient[sendMsg](23) [INFO]  成功加入ipsCompleteCorrectionKey.speiyou队列
2019-03-08 15:28:13 [http-nio-8080-exec-2] - com.ssm.listener.MQClient[sendMsg](23) [INFO]  成功加入ipsCompleteCorrectionKey.speiyou队列
2019-03-08 15:28:13 [http-nio-8080-exec-2] - com.ssm.listener.MQClient[sendMsg](23) [INFO]  成功加入ipsCompleteCorrectionKey.speiyou队列
2019-03-08 15:28:13 [http-nio-8080-exec-2] - com.ssm.listener.MQClient[sendMsg](23) [INFO]  成功加入ipsCompleteCorrectionKey.speiyou队列
2019-03-08 15:28:13 [http-nio-8080-exec-2] - com.ssm.listener.MQClient[sendMsg](23) [INFO]  成功加入ipsCompleteCorrectionKey.speiyou队列
2019-03-08 15:28:13 [http-nio-8080-exec-2] - com.ssm.listener.MQClient[sendMsg](23) [INFO]  成功加入ipsCompleteCorrectionKey.speiyou队列
2019-03-08 15:28:13 [http-nio-8080-exec-2] - com.ssm.listener.MQClient[sendMsg](23) [INFO]  成功加入ipsCompleteCorrectionKey.speiyou队列
2019-03-08 15:28:13 [http-nio-8080-exec-2] - com.ssm.listener.MQClient[sendMsg](23) [INFO]  成功加入ipsCompleteCorrectionKey.speiyou队列
2019-03-08 15:28:13 [http-nio-8080-exec-2] - com.ssm.listener.MQClient[sendMsg](23) [INFO]  成功加入ipsCompleteCorrectionKey.speiyou队列
2019-03-08 15:28:13 [http-nio-8080-exec-2] - com.ssm.listener.MQClient[sendMsg](23) [INFO]  成功加入ipsCompleteCorrectionKey.speiyou队列
2019-03-08 15:28:13 [http-nio-8080-exec-2] - com.ssm.listener.MQClient[sendMsg](23) [INFO]  成功加入ipsCompleteCorrectionKey.speiyou队列
2019-03-08 15:28:13 [http-nio-8080-exec-2] - com.ssm.listener.MQClient[sendMsg](23) [INFO]  成功加入ipsCompleteCorrectionKey.speiyou队列
2019-03-08 15:28:13 [http-nio-8080-exec-2] - com.ssm.listener.MQClient[sendMsg](23) [INFO]  成功加入ipsCompleteCorrectionKey.speiyou队列
2019-03-08 15:28:13 [http-nio-8080-exec-2] - com.ssm.listener.MQClient[sendMsg](23) [INFO]  成功加入ipsCompleteCorrectionKey.speiyou队列
2019-03-08 15:28:13 [http-nio-8080-exec-2] - com.ssm.controller.StudentController[aaa](32) [INFO]  =============aaa==========
2019-03-08 15:35:28 [RMI TCP Connection(2)-127.0.0.1] - org.springframework.web.servlet.DispatcherServlet[initServletBean](479) [INFO]  FrameworkServlet 'SpringMVC': initialization started
2019-03-08 15:35:28 [RMI TCP Connection(2)-127.0.0.1] - org.springframework.web.context.support.XmlWebApplicationContext[prepareRefresh](513) [INFO]  Refreshing WebApplicationContext for namespace 'SpringMVC-servlet': startup date [Fri Mar 08 15:35:28 CST 2019]; parent: Root WebApplicationContext
2019-03-08 15:35:28 [RMI TCP Connection(2)-127.0.0.1] - org.springframework.beans.factory.xml.XmlBeanDefinitionReader[loadBeanDefinitions](316) [INFO]  Loading XML bean definitions from class path resource [spring-mvc.xml]
2019-03-08 15:35:29 [RMI TCP Connection(2)-127.0.0.1] - org.springframework.beans.factory.annotation.AutowiredAnnotationBeanPostProcessor[<init>](141) [INFO]  JSR-330 'javax.inject.Inject' annotation found and supported for autowiring
2019-03-08 15:35:29 [RMI TCP Connection(2)-127.0.0.1] - org.springframework.web.servlet.mvc.method.annotation.RequestMappingHandlerMapping[registerHandlerMethod](182) [INFO]  Mapped "{[/aaa],methods=[],params=[],headers=[],consumes=[],produces=[],custom=[]}" onto public java.lang.String com.ssm.controller.StudentController.aaa()
2019-03-08 15:35:29 [RMI TCP Connection(2)-127.0.0.1] - org.springframework.web.servlet.mvc.method.annotation.RequestMappingHandlerMapping[registerHandlerMethod](182) [INFO]  Mapped "{[/queryOne],methods=[],params=[],headers=[],consumes=[],produces=[],custom=[]}" onto public com.ssm.entity.Student com.ssm.controller.StudentController.queryOne(java.lang.Integer)
2019-03-08 15:35:29 [RMI TCP Connection(2)-127.0.0.1] - org.springframework.web.servlet.handler.SimpleUrlHandlerMapping[registerHandler](315) [INFO]  Mapped URL path [/**] onto handler 'org.springframework.web.servlet.resource.DefaultServletHttpRequestHandler#0'
2019-03-08 15:35:29 [RMI TCP Connection(2)-127.0.0.1] - org.springframework.web.servlet.DispatcherServlet[initServletBean](498) [INFO]  FrameworkServlet 'SpringMVC': initialization completed in 925 ms
